Log file open, 03/09/19 16:03:57
LogWindows: Failed to load 'aqProf.dll' (GetLastError=126)
LogWindows: File 'aqProf.dll' does not exist
LogWindows: Failed to load 'VtuneApi.dll' (GetLastError=126)
LogWindows: File 'VtuneApi.dll' does not exist
LogWindows: Failed to load 'VtuneApi32e.dll' (GetLastError=126)
LogWindows: File 'VtuneApi32e.dll' does not exist
LogConsoleResponse: Display: Failed to find resolution value strings in scalability ini. Falling back to default.
LogInit: Display: Running engine for game: Prototype
LogPakFile: Registered encryption key '00000000000000000000000000000000': 0 pak files mounted, 0 remain pending
LogPlatformFile: Not using cached read wrapper
LogTaskGraph: Started task graph with 5 named threads and 11 total threads with 3 sets of task threads.
LogStats: Stats thread started at 0.167884
LogD3D11RHI: Loaded GFSDK_Aftermath_Lib.x64.dll
LogICUInternationalization: ICU TimeZone Detection - Raw Offset: +9:00, Platform Override: ''
LogPluginManager: Mounting plugin Paper2D
LogPluginManager: Mounting plugin AISupport
LogPluginManager: Mounting plugin LightPropagationVolume
LogPluginManager: Mounting plugin ActorLayerUtilities
LogPluginManager: Mounting plugin CLionSourceCodeAccess
LogPluginManager: Mounting plugin CodeLiteSourceCodeAccess
LogPluginManager: Mounting plugin GitSourceControl
LogPluginManager: Mounting plugin KDevelopSourceCodeAccess
LogPluginManager: Mounting plugin NullSourceCodeAccess
LogPluginManager: Mounting plugin PerforceSourceControl
LogPluginManager: Mounting plugin SubversionSourceControl
LogPluginManager: Mounting plugin UObjectPlugin
LogPluginManager: Mounting plugin VisualStudioCodeSourceCodeAccess
LogPluginManager: Mounting plugin VisualStudioSourceCodeAccess
LogPluginManager: Mounting plugin XCodeSourceCodeAccess
LogPluginManager: Mounting plugin AssetManagerEditor
LogPluginManager: Mounting plugin CryptoKeys
LogPluginManager: Mounting plugin DataValidation
LogPluginManager: Mounting plugin FacialAnimation
LogPluginManager: Mounting plugin GameplayTagsEditor
LogPluginManager: Mounting plugin MacGraphicsSwitching
LogPluginManager: Mounting plugin MeshEditor
LogPluginManager: Mounting plugin MobileLauncherProfileWizard
LogPluginManager: Mounting plugin PluginBrowser
LogPluginManager: Mounting plugin SpeedTreeImporter
LogPluginManager: Mounting plugin DatasmithContent
LogPluginManager: Mounting plugin VariantManagerContent
LogPluginManager: Mounting plugin AlembicImporter
LogPluginManager: Mounting plugin AppleImageUtils
LogPluginManager: Mounting plugin AppleVision
LogPluginManager: Mounting plugin BackChannel
LogPluginManager: Mounting plugin CharacterAI
LogPluginManager: Mounting plugin GeometryCache
LogPluginManager: Mounting plugin HTML5Networking
LogPluginManager: Mounting plugin ProxyLODPlugin
LogPluginManager: Mounting plugin MagicLeap
LogPluginManager: Mounting plugin MagicLeapMedia
LogPluginManager: Mounting plugin AndroidMedia
LogPluginManager: Mounting plugin AvfMedia
LogPluginManager: Mounting plugin ImgMedia
LogPluginManager: Mounting plugin LinearTimecode
LogPluginManager: Mounting plugin MediaCompositing
LogPluginManager: Mounting plugin MediaPlayerEditor
LogPluginManager: Mounting plugin WebMMedia
LogPluginManager: Mounting plugin WmfMedia
LogPluginManager: Mounting plugin TcpMessaging
LogPluginManager: Mounting plugin UdpMessaging
LogPluginManager: Mounting plugin ActorSequence
LogPluginManager: Mounting plugin LevelSequenceEditor
LogPluginManager: Mounting plugin MatineeToLevelSequence
LogPluginManager: Mounting plugin NetcodeUnitTest
LogPluginManager: Mounting plugin NUTUnrealEngine4
LogPluginManager: Mounting plugin OnlineSubsystemGooglePlay
LogPluginManager: Mounting plugin OnlineSubsystemIOS
LogPluginManager: Mounting plugin OnlineSubsystem
LogPluginManager: Mounting plugin OnlineSubsystemNull
LogPluginManager: Mounting plugin OnlineSubsystemUtils
LogPluginManager: Mounting plugin LauncherChunkInstaller
LogPluginManager: Mounting plugin AndroidDeviceProfileSelector
LogPluginManager: Mounting plugin AndroidMoviePlayer
LogPluginManager: Mounting plugin AndroidPermission
LogPluginManager: Mounting plugin AppleMoviePlayer
LogPluginManager: Mounting plugin ArchVisCharacter
LogPluginManager: Mounting plugin AudioCapture
LogPluginManager: Mounting plugin CableComponent
LogPluginManager: Mounting plugin CustomMeshComponent
LogPluginManager: Mounting plugin EditableMesh
LogPluginManager: Mounting plugin ExampleDeviceProfileSelector
LogPluginManager: Mounting plugin Firebase
LogPluginManager: Mounting plugin GoogleCloudMessaging
LogPluginManager: Mounting plugin IOSDeviceProfileSelector
LogPluginManager: Mounting plugin LinuxDeviceProfileSelector
LogPluginManager: Mounting plugin LocationServicesBPLibrary
LogPluginManager: Mounting plugin MobilePatchingUtils
LogPluginManager: Mounting plugin OculusVR
LogPluginManager: Mounting plugin PhysXVehicles
LogPluginManager: Mounting plugin ProceduralMeshComponent
LogPluginManager: Mounting plugin RuntimePhysXCooking
LogPluginManager: Mounting plugin SteamVR
LogPluginManager: Mounting plugin WebMMoviePlayer
LogPluginManager: Mounting plugin WindowsMoviePlayer
LogStreaming: Display: Took  0.369s to configure plugins.
LogInit: Using libcurl 7.55.1-DEV
LogInit:  - built for x86_64-pc-win32
LogInit:  - supports SSL with OpenSSL/1.0.2h
LogInit:  - supports HTTP deflate (compression) using libz 1.2.8
LogInit:  - other features:
LogInit:      CURL_VERSION_SSL
LogInit:      CURL_VERSION_LIBZ
LogInit:      CURL_VERSION_IPV6
LogInit:      CURL_VERSION_ASYNCHDNS
LogInit:      CURL_VERSION_LARGEFILE
LogInit:      CURL_VERSION_IDN
LogInit:  CurlRequestOptions (configurable via config and command line):
LogInit:  - bVerifyPeer = true  - Libcurl will verify peer certificate
LogInit:  - bUseHttpProxy = false  - Libcurl will NOT use HTTP proxy
LogInit:  - bDontReuseConnections = false  - Libcurl will reuse connections
LogInit:  - MaxHostConnections = 16  - Libcurl will limit the number of connections to a host
LogInit:  - LocalHostAddr = Default
LogInit:  - BufferSize = 65536
LogInit: WinSock: version 1.1 (2.2), MaxSocks=32767, MaxUdp=65467
LogInit: Build: ++UE4+Release-4.21-CL-4753647
LogInit: Engine Version: 4.21.2-4753647+++UE4+Release-4.21
LogInit: Compatible Engine Version: 4.21.0-4541578+++UE4+Release-4.21
LogInit: Net CL: 4541578
LogInit: OS: Windows 10 (), CPU: Intel(R) Core(TM) i5-7200U CPU @ 2.50GHz, GPU: Intel(R) HD Graphics 620
LogInit: Compiled (64-bit): Jan 19 2019 02:07:31
LogInit: Compiled with Visual C++: 19.13.26129.00
LogInit: Build Configuration: Development
LogInit: Branch Name: ++UE4+Release-4.21
LogInit: Command Line: 
LogInit: Base Directory: C:/Program Files/Epic Games/UE_4.21/Engine/Binaries/Win64/
LogInit: Installed Engine Build: 1
LogDevObjectVersion: Number of dev versions registered: 22
LogDevObjectVersion:   Dev-Blueprints (B0D832E4-1F89-4F0D-ACCF-7EB736FD4AA2): 10
LogDevObjectVersion:   Dev-Build (E1C64328-A22C-4D53-A36C-8E866417BD8C): 0
LogDevObjectVersion:   Dev-Core (375EC13C-06E4-48FB-B500-84F0262A717E): 2
LogDevObjectVersion:   Dev-Editor (E4B068ED-F494-42E9-A231-DA0B2E46BB41): 26
LogDevObjectVersion:   Dev-Framework (CFFC743F-43B0-4480-9391-14DF171D2073): 34
LogDevObjectVersion:   Dev-Mobile (B02B49B5-BB20-44E9-A304-32B752E40360): 2
LogDevObjectVersion:   Dev-Networking (A4E4105C-59A1-49B5-A7C5-40C4547EDFEE): 0
LogDevObjectVersion:   Dev-Online (39C831C9-5AE6-47DC-9A44-9C173E1C8E7C): 0
LogDevObjectVersion:   Dev-Physics (78F01B33-EBEA-4F98-B9B4-84EACCB95AA2): 0
LogDevObjectVersion:   Dev-Platform (6631380F-2D4D-43E0-8009-CF276956A95A): 0
LogDevObjectVersion:   Dev-Rendering (12F88B9F-8875-4AFC-A67C-D90C383ABD29): 27
LogDevObjectVersion:   Dev-Sequencer (7B5AE74C-D270-4C10-A958-57980B212A5A): 9
LogDevObjectVersion:   Dev-VR (D7296918-1DD6-4BDD-9DE2-64A83CC13884): 2
LogDevObjectVersion:   Dev-LoadTimes (C2A15278-BFE7-4AFE-6C17-90FF531DF755): 1
LogDevObjectVersion:   Private-Geometry (6EACA3D4-40EC-4CC1-B786-8BED09428FC5): 3
LogDevObjectVersion:   Dev-AnimPhys (29E575DD-E0A3-4627-9D10-D276232CDCEA): 17
LogDevObjectVersion:   Dev-Anim (AF43A65D-7FD3-4947-9873-3E8ED9C1BB05): 2
LogDevObjectVersion:   Dev-ReflectionCapture (6B266CEC-1EC7-4B8F-A30B-E4D90942FC07): 1
LogDevObjectVersion:   Dev-Automation (0DF73D61-A23F-47EA-B727-89E90C41499A): 1
LogDevObjectVersion:   FortniteMain (601D1886-AC64-4F84-AA16-D3DE0DEAC7D6): 17
LogDevObjectVersion:   Dev-Enterprise (9DFFBCD6-494F-0158-E221-12823C92A888): 4
LogDevObjectVersion:   Dev-Niagara (F2AED0AC-9AFE-416F-8664-AA7FFA26D6FC): 1
LogStreaming: Display: Took  0.120s to delete old logs.
LogInit: Presizing for max 8388607 objects, including 0 objects not considered by GC, pre-allocating 0 bytes for permanent pool.
LogInit: Object subsystem initialized
LogConfig: Setting CVar [[con.DebugEarlyDefault:1]]
LogConfig: Setting CVar [[r.setres:1280x720]]
[2019.03.09-07.03.57:930][  0]LogConfig: Setting CVar [[r.VSync:0]]
[2019.03.09-07.03.57:930][  0]LogConfig: Setting CVar [[r.RHICmdBypass:0]]
[2019.03.09-07.03.57:930][  0]LogConfig: Applying CVar settings from Section [/Script/Engine.RendererSettings] File [C:/Users/keiji matsumoto/Desktop/日本ゲーム大賞_プロジェクト/Prototype/Saved/Config/Windows/Engine.ini]
[2019.03.09-07.03.57:930][  0]LogConfig: Setting CVar [[r.GPUCrashDebugging:0]]
[2019.03.09-07.03.57:931][  0]LogConfig: Setting CVar [[r.ForwardShading:1]]
[2019.03.09-07.03.57:931][  0]LogConfig: Applying CVar settings from Section [/Script/Engine.RendererOverrideSettings] File [C:/Users/keiji matsumoto/Desktop/日本ゲーム大賞_プロジェクト/Prototype/Saved/Config/Windows/Engine.ini]
[2019.03.09-07.03.57:931][  0]LogConfig: Applying CVar settings from Section [/Script/Engine.StreamingSettings] File [C:/Users/keiji matsumoto/Desktop/日本ゲーム大賞_プロジェクト/Prototype/Saved/Config/Windows/Engine.ini]
[2019.03.09-07.03.57:931][  0]LogConfig: Setting CVar [[s.MinBulkDataSizeForAsyncLoading:131072]]
[2019.03.09-07.03.57:931][  0]LogConfig: Setting CVar [[s.AsyncLoadingThreadEnabled:0]]
[2019.03.09-07.03.57:931][  0]LogConfig: Setting CVar [[s.EventDrivenLoaderEnabled:1]]
[2019.03.09-07.03.57:931][  0]LogConfig: Setting CVar [[s.WarnIfTimeLimitExceeded:0]]
[2019.03.09-07.03.57:931][  0]LogConfig: Setting CVar [[s.TimeLimitExceededMultiplier:1.5]]
[2019.03.09-07.03.57:931][  0]LogConfig: Setting CVar [[s.TimeLimitExceededMinTime:0.005]]
[2019.03.09-07.03.57:931][  0]LogConfig: Setting CVar [[s.UseBackgroundLevelStreaming:1]]
[2019.03.09-07.03.57:931][  0]LogConfig: Setting CVar [[s.PriorityAsyncLoadingExtraTime:15.0]]
[2019.03.09-07.03.57:931][  0]LogConfig: Setting CVar [[s.LevelStreamingActorsUpdateTimeLimit:5.0]]
[2019.03.09-07.03.57:931][  0]LogConfig: Setting CVar [[s.PriorityLevelStreamingActorsUpdateExtraTime:5.0]]
[2019.03.09-07.03.57:931][  0]LogConfig: Setting CVar [[s.LevelStreamingComponentsRegistrationGranularity:10]]
[2019.03.09-07.03.57:931][  0]LogConfig: Setting CVar [[s.UnregisterComponentsTimeLimit:1.0]]
[2019.03.09-07.03.57:931][  0]LogConfig: Setting CVar [[s.LevelStreamingComponentsUnregistrationGranularity:5]]
[2019.03.09-07.03.57:931][  0]LogConfig: Applying CVar settings from Section [/Script/Engine.GarbageCollectionSettings] File [C:/Users/keiji matsumoto/Desktop/日本ゲーム大賞_プロジェクト/Prototype/Saved/Config/Windows/Engine.ini]
[2019.03.09-07.03.57:931][  0]LogConfig: Setting CVar [[gc.MaxObjectsNotConsideredByGC:1]]
[2019.03.09-07.03.57:931][  0]LogConfig: Setting CVar [[gc.SizeOfPermanentObjectPool:0]]
[2019.03.09-07.03.57:931][  0]LogConfig: Setting CVar [[gc.FlushStreamingOnGC:0]]
[2019.03.09-07.03.57:931][  0]LogConfig: Setting CVar [[gc.NumRetriesBeforeForcingGC:10]]
[2019.03.09-07.03.57:931][  0]LogConfig: Setting CVar [[gc.AllowParallelGC:1]]
[2019.03.09-07.03.57:931][  0]LogConfig: Setting CVar [[gc.TimeBetweenPurgingPendingKillObjects:61.1]]
[2019.03.09-07.03.57:931][  0]LogConfig: Setting CVar [[gc.MaxObjectsInEditor:8388607]]
[2019.03.09-07.03.57:931][  0]LogConfig: Setting CVar [[gc.IncrementalBeginDestroyEnabled:1]]
[2019.03.09-07.03.57:931][  0]LogConfig: Setting CVar [[gc.CreateGCClusters:1]]
[2019.03.09-07.03.57:931][  0]LogConfig: Setting CVar [[gc.MergeGCClusters:0]]
[2019.03.09-07.03.57:931][  0]LogConfig: Setting CVar [[gc.MinGCClusterSize:5]]
[2019.03.09-07.03.57:931][  0]LogConfig: Setting CVar [[gc.ActorClusteringEnabled:0]]
[2019.03.09-07.03.57:931][  0]LogConfig: Setting CVar [[gc.BlueprintClusteringEnabled:0]]
[2019.03.09-07.03.57:931][  0]LogConfig: Setting CVar [[gc.UseDisregardForGCOnDedicatedServers:0]]
[2019.03.09-07.03.57:931][  0]LogConfig: Applying CVar settings from Section [/Script/Engine.NetworkSettings] File [C:/Users/keiji matsumoto/Desktop/日本ゲーム大賞_プロジェクト/Prototype/Saved/Config/Windows/Engine.ini]
[2019.03.09-07.03.57:931][  0]LogConfig: Applying CVar settings from Section [/Script/UnrealEd.CookerSettings] File [C:/Users/keiji matsumoto/Desktop/日本ゲーム大賞_プロジェクト/Prototype/Saved/Config/Windows/Engine.ini]
[2019.03.09-07.03.57:934][  0]LogConfig: Applying CVar settings from Section [ViewDistanceQuality@3] File [C:/Users/keiji matsumoto/Desktop/日本ゲーム大賞_プロジェクト/Prototype/Saved/Config/Windows/Scalability.ini]
[2019.03.09-07.03.57:935][  0]LogConfig: Setting CVar [[r.SkeletalMeshLODBias:0]]
[2019.03.09-07.03.57:935][  0]LogConfig: Setting CVar [[r.ViewDistanceScale:1.0]]
[2019.03.09-07.03.57:935][  0]LogConfig: Applying CVar settings from Section [AntiAliasingQuality@3] File [C:/Users/keiji matsumoto/Desktop/日本ゲーム大賞_プロジェクト/Prototype/Saved/Config/Windows/Scalability.ini]
[2019.03.09-07.03.57:935][  0]LogConfig: Setting CVar [[r.PostProcessAAQuality:4]]
[2019.03.09-07.03.57:935][  0]LogConfig: Applying CVar settings from Section [ShadowQuality@3] File [C:/Users/keiji matsumoto/Desktop/日本ゲーム大賞_プロジェクト/Prototype/Saved/Config/Windows/Scalability.ini]
[2019.03.09-07.03.57:935][  0]LogConfig: Setting CVar [[r.LightFunctionQuality:1]]
[2019.03.09-07.03.57:935][  0]LogConfig: Setting CVar [[r.ShadowQuality:5]]
[2019.03.09-07.03.57:935][  0]LogConfig: Setting CVar [[r.Shadow.CSM.MaxCascades:10]]
[2019.03.09-07.03.57:935][  0]LogConfig: Setting CVar [[r.Shadow.MaxResolution:2048]]
[2019.03.09-07.03.57:935][  0]LogConfig: Setting CVar [[r.Shadow.MaxCSMResolution:2048]]
[2019.03.09-07.03.57:935][  0]LogConfig: Setting CVar [[r.Shadow.RadiusThreshold:0.01]]
[2019.03.09-07.03.57:935][  0]LogConfig: Setting CVar [[r.Shadow.DistanceScale:1.0]]
[2019.03.09-07.03.57:935][  0]LogConfig: Setting CVar [[r.Shadow.CSM.TransitionScale:1.0]]
[2019.03.09-07.03.57:935][  0]LogConfig: Setting CVar [[r.Shadow.PreShadowResolutionFactor:1.0]]
[2019.03.09-07.03.57:935][  0]LogConfig: Setting CVar [[r.DistanceFieldShadowing:1]]
[2019.03.09-07.03.57:935][  0]LogConfig: Setting CVar [[r.DistanceFieldAO:1]]
[2019.03.09-07.03.57:935][  0]LogConfig: Setting CVar [[r.AOQuality:2]]
[2019.03.09-07.03.57:935][  0]LogConfig: Setting CVar [[r.VolumetricFog:1]]
[2019.03.09-07.03.57:935][  0]LogConfig: Setting CVar [[r.VolumetricFog.GridPixelSize:8]]
[2019.03.09-07.03.57:935][  0]LogConfig: Setting CVar [[r.VolumetricFog.GridSizeZ:128]]
[2019.03.09-07.03.57:935][  0]LogConfig: Setting CVar [[r.VolumetricFog.HistoryMissSupersampleCount:4]]
[2019.03.09-07.03.57:935][  0]LogConfig: Setting CVar [[r.LightMaxDrawDistanceScale:1]]
[2019.03.09-07.03.57:935][  0]LogConfig: Setting CVar [[r.CapsuleShadows:1]]
[2019.03.09-07.03.57:935][  0]LogConfig: Applying CVar settings from Section [PostProcessQuality@3] File [C:/Users/keiji matsumoto/Desktop/日本ゲーム大賞_プロジェクト/Prototype/Saved/Config/Windows/Scalability.ini]
[2019.03.09-07.03.57:935][  0]LogConfig: Setting CVar [[r.MotionBlurQuality:4]]
[2019.03.09-07.03.57:935][  0]LogConfig: Setting CVar [[r.AmbientOcclusionMipLevelFactor:0.4]]
[2019.03.09-07.03.57:935][  0]LogConfig: Setting CVar [[r.AmbientOcclusionMaxQuality:100]]
[2019.03.09-07.03.57:935][  0]LogConfig: Setting CVar [[r.AmbientOcclusionLevels:-1]]
[2019.03.09-07.03.57:935][  0]LogConfig: Setting CVar [[r.AmbientOcclusionRadiusScale:1.0]]
[2019.03.09-07.03.57:935][  0]LogConfig: Setting CVar [[r.DepthOfFieldQuality:2]]
[2019.03.09-07.03.57:935][  0]LogConfig: Setting CVar [[r.RenderTargetPoolMin:400]]
[2019.03.09-07.03.57:935][  0]LogConfig: Setting CVar [[r.LensFlareQuality:2]]
[2019.03.09-07.03.57:935][  0]LogConfig: Setting CVar [[r.SceneColorFringeQuality:1]]
[2019.03.09-07.03.57:935][  0]LogConfig: Setting CVar [[r.EyeAdaptationQuality:2]]
[2019.03.09-07.03.57:935][  0]LogConfig: Setting CVar [[r.BloomQuality:5]]
[2019.03.09-07.03.57:935][  0]LogConfig: Setting CVar [[r.FastBlurThreshold:100]]
[2019.03.09-07.03.57:935][  0]LogConfig: Setting CVar [[r.Upscale.Quality:3]]
[2019.03.09-07.03.57:935][  0]LogConfig: Setting CVar [[r.Tonemapper.GrainQuantization:1]]
[2019.03.09-07.03.57:936][  0]LogConfig: Setting CVar [[r.LightShaftQuality:1]]
[2019.03.09-07.03.57:936][  0]LogConfig: Setting CVar [[r.Filter.SizeScale:1]]
[2019.03.09-07.03.57:936][  0]LogConfig: Setting CVar [[r.Tonemapper.Quality:5]]
[2019.03.09-07.03.57:936][  0]LogConfig: Setting CVar [[r.DOF.Gather.AccumulatorQuality:1        ; higher gathering accumulator quality]]
[2019.03.09-07.03.57:936][  0]LogConfig: Setting CVar [[r.DOF.Gather.PostfilterMethod:1          ; Median3x3 postfilering method]]
[2019.03.09-07.03.57:936][  0]LogConfig: Setting CVar [[r.DOF.Gather.EnableBokehSettings:0       ; no bokeh simulation when gathering]]
[2019.03.09-07.03.57:936][  0]LogConfig: Setting CVar [[r.DOF.Gather.RingCount:4                 ; medium number of samples when gathering]]
[2019.03.09-07.03.57:936][  0]LogConfig: Setting CVar [[r.DOF.Scatter.ForegroundCompositing:1    ; additive foreground scattering]]
[2019.03.09-07.03.57:936][  0]LogConfig: Setting CVar [[r.DOF.Scatter.BackgroundCompositing:2    ; additive background scattering]]
[2019.03.09-07.03.57:936][  0]LogConfig: Setting CVar [[r.DOF.Scatter.EnableBokehSettings:1      ; bokeh simulation when scattering]]
[2019.03.09-07.03.57:936][  0]LogConfig: Setting CVar [[r.DOF.Scatter.MaxSpriteRatio:0.1         ; only a maximum of 10% of scattered bokeh]]
[2019.03.09-07.03.57:936][  0]LogConfig: Setting CVar [[r.DOF.Recombine.Quality:1                ; cheap slight out of focus]]
[2019.03.09-07.03.57:936][  0]LogConfig: Setting CVar [[r.DOF.Recombine.EnableBokehSettings:0    ; no bokeh simulation on slight out of focus]]
[2019.03.09-07.03.57:936][  0]LogConfig: Setting CVar [[r.DOF.TemporalAAQuality:1                ; more stable temporal accumulation]]
[2019.03.09-07.03.57:936][  0]LogConfig: Setting CVar [[r.DOF.Kernel.MaxForegroundRadius:0.025]]
[2019.03.09-07.03.57:936][  0]LogConfig: Setting CVar [[r.DOF.Kernel.MaxBackgroundRadius:0.025]]
[2019.03.09-07.03.57:936][  0]LogConfig: Applying CVar settings from Section [TextureQuality@3] File [C:/Users/keiji matsumoto/Desktop/日本ゲーム大賞_プロジェクト/Prototype/Saved/Config/Windows/Scalability.ini]
[2019.03.09-07.03.57:936][  0]LogConfig: Setting CVar [[r.Streaming.MipBias:0]]
[2019.03.09-07.03.57:936][  0]LogConfig: Setting CVar [[r.Streaming.AmortizeCPUToGPUCopy:0]]
[2019.03.09-07.03.57:936][  0]LogConfig: Setting CVar [[r.Streaming.MaxNumTexturesToStreamPerFrame:0]]
[2019.03.09-07.03.57:936][  0]LogConfig: Setting CVar [[r.Streaming.Boost:1]]
[2019.03.09-07.03.57:936][  0]LogConfig: Setting CVar [[r.MaxAnisotropy:8]]
[2019.03.09-07.03.57:936][  0]LogConfig: Setting CVar [[r.Streaming.LimitPoolSizeToVRAM:0]]
[2019.03.09-07.03.57:936][  0]LogConfig: Setting CVar [[r.Streaming.PoolSize:1000]]
[2019.03.09-07.03.57:936][  0]LogConfig: Setting CVar [[r.Streaming.MaxEffectiveScreenSize:0]]
[2019.03.09-07.03.57:936][  0]LogConfig: Applying CVar settings from Section [EffectsQuality@3] File [C:/Users/keiji matsumoto/Desktop/日本ゲーム大賞_プロジェクト/Prototype/Saved/Config/Windows/Scalability.ini]
[2019.03.09-07.03.57:936][  0]LogConfig: Setting CVar [[r.TranslucencyLightingVolumeDim:64]]
[2019.03.09-07.03.57:936][  0]LogConfig: Setting CVar [[r.RefractionQuality:2]]
[2019.03.09-07.03.57:936][  0]LogConfig: Setting CVar [[r.SSR.Quality:3]]
[2019.03.09-07.03.57:936][  0]LogConfig: Setting CVar [[r.SceneColorFormat:4]]
[2019.03.09-07.03.57:936][  0]LogConfig: Setting CVar [[r.DetailMode:2]]
[2019.03.09-07.03.57:936][  0]LogConfig: Setting CVar [[r.TranslucencyVolumeBlur:1]]
[2019.03.09-07.03.57:936][  0]LogConfig: Setting CVar [[r.MaterialQualityLevel:1 ; High quality]]
[2019.03.09-07.03.57:936][  0]LogConfig: Setting CVar [[r.SSS.Scale:1]]
[2019.03.09-07.03.57:936][  0]LogConfig: Setting CVar [[r.SSS.SampleSet:2]]
[2019.03.09-07.03.57:937][  0]LogConfig: Setting CVar [[r.SSS.Quality:1]]
[2019.03.09-07.03.57:937][  0]LogConfig: Setting CVar [[r.SSS.HalfRes:1]]
[2019.03.09-07.03.57:937][  0]LogConfig: Setting CVar [[r.EmitterSpawnRateScale:1.0]]
[2019.03.09-07.03.57:937][  0]LogConfig: Setting CVar [[r.ParticleLightQuality:2]]
[2019.03.09-07.03.57:937][  0]LogConfig: Applying CVar settings from Section [FoliageQuality@3] File [C:/Users/keiji matsumoto/Desktop/日本ゲーム大賞_プロジェクト/Prototype/Saved/Config/Windows/Scalability.ini]
[2019.03.09-07.03.57:937][  0]LogConfig: Setting CVar [[foliage.DensityScale:1.0]]
[2019.03.09-07.03.57:937][  0]LogConfig: Setting CVar [[grass.DensityScale:1.0]]
[2019.03.09-07.03.57:937][  0]LogInit: Selected Device Profile: [Windows]
[2019.03.09-07.03.57:937][  0]LogInit: Applying CVar settings loaded from the selected device profile: [Windows]
[2019.03.09-07.03.58:030][  0]LogHAL: Display: Platform has ~ 8 GB [8494374912 / 8589934592 / 8], which maps to Default [LargestMinGB=32, LargerMinGB=12, DefaultMinGB=8, SmallerMinGB=6, SmallestMinGB=0)
[2019.03.09-07.03.58:031][  0]LogConfig: Setting CVar [[r.Vulkan.UseRealUBs:1]]
[2019.03.09-07.03.58:031][  0]LogInit: Going up to parent DeviceProfile []
[2019.03.09-07.03.58:031][  0]LogConfig: Applying CVar settings from Section [ViewDistanceQuality@0] File [C:/Users/keiji matsumoto/Desktop/日本ゲーム大賞_プロジェクト/Prototype/Saved/Config/Windows/Scalability.ini]
[2019.03.09-07.03.58:031][  0]LogConfig: Setting CVar [[r.SkeletalMeshLODBias:2]]
[2019.03.09-07.03.58:031][  0]LogConfig: Setting CVar [[r.ViewDistanceScale:0.4]]
[2019.03.09-07.03.58:031][  0]LogConfig: Applying CVar settings from Section [AntiAliasingQuality@0] File [C:/Users/keiji matsumoto/Desktop/日本ゲーム大賞_プロジェクト/Prototype/Saved/Config/Windows/Scalability.ini]
[2019.03.09-07.03.58:031][  0]LogConfig: Setting CVar [[r.PostProcessAAQuality:0]]
[2019.03.09-07.03.58:031][  0]LogConfig: Applying CVar settings from Section [ShadowQuality@0] File [C:/Users/keiji matsumoto/Desktop/日本ゲーム大賞_プロジェクト/Prototype/Saved/Config/Windows/Scalability.ini]
[2019.03.09-07.03.58:031][  0]LogConfig: Setting CVar [[r.LightFunctionQuality:0]]
[2019.03.09-07.03.58:031][  0]LogConfig: Setting CVar [[r.ShadowQuality:0]]
[2019.03.09-07.03.58:031][  0]LogConfig: Setting CVar [[r.Shadow.CSM.MaxCascades:1]]
[2019.03.09-07.03.58:031][  0]LogConfig: Setting CVar [[r.Shadow.MaxResolution:512]]
[2019.03.09-07.03.58:031][  0]LogConfig: Setting CVar [[r.Shadow.MaxCSMResolution:512]]
[2019.03.09-07.03.58:031][  0]LogConfig: Setting CVar [[r.Shadow.RadiusThreshold:0.06]]
[2019.03.09-07.03.58:031][  0]LogConfig: Setting CVar [[r.Shadow.DistanceScale:0.6]]
[2019.03.09-07.03.58:031][  0]LogConfig: Setting CVar [[r.Shadow.CSM.TransitionScale:0]]
[2019.03.09-07.03.58:031][  0]LogConfig: Setting CVar [[r.Shadow.PreShadowResolutionFactor:0.5]]
[2019.03.09-07.03.58:031][  0]LogConfig: Setting CVar [[r.DistanceFieldShadowing:0]]
[2019.03.09-07.03.58:031][  0]LogConfig: Setting CVar [[r.DistanceFieldAO:0]]
[2019.03.09-07.03.58:031][  0]LogConfig: Setting CVar [[r.VolumetricFog:0]]
[2019.03.09-07.03.58:031][  0]LogConfig: Setting CVar [[r.LightMaxDrawDistanceScale:0]]
[2019.03.09-07.03.58:031][  0]LogConfig: Setting CVar [[r.CapsuleShadows:0]]
[2019.03.09-07.03.58:031][  0]LogConfig: Applying CVar settings from Section [PostProcessQuality@0] File [C:/Users/keiji matsumoto/Desktop/日本ゲーム大賞_プロジェクト/Prototype/Saved/Config/Windows/Scalability.ini]
[2019.03.09-07.03.58:032][  0]LogConfig: Setting CVar [[r.MotionBlurQuality:0]]
[2019.03.09-07.03.58:032][  0]LogConfig: Setting CVar [[r.AmbientOcclusionMipLevelFactor:1.0]]
[2019.03.09-07.03.58:032][  0]LogConfig: Setting CVar [[r.AmbientOcclusionMaxQuality:0]]
[2019.03.09-07.03.58:032][  0]LogConfig: Setting CVar [[r.AmbientOcclusionLevels:0]]
[2019.03.09-07.03.58:032][  0]LogConfig: Setting CVar [[r.AmbientOcclusionRadiusScale:1.2]]
[2019.03.09-07.03.58:032][  0]LogConfig: Setting CVar [[r.DepthOfFieldQuality:0]]
[2019.03.09-07.03.58:032][  0]LogConfig: Setting CVar [[r.RenderTargetPoolMin:300]]
[2019.03.09-07.03.58:032][  0]LogConfig: Setting CVar [[r.LensFlareQuality:0]]
[2019.03.09-07.03.58:032][  0]LogConfig: Setting CVar [[r.SceneColorFringeQuality:0]]
[2019.03.09-07.03.58:032][  0]LogConfig: Setting CVar [[r.EyeAdaptationQuality:0]]
[2019.03.09-07.03.58:032][  0]LogConfig: Setting CVar [[r.BloomQuality:4]]
[2019.03.09-07.03.58:032][  0]LogConfig: Setting CVar [[r.FastBlurThreshold:0]]
[2019.03.09-07.03.58:032][  0]LogConfig: Setting CVar [[r.Upscale.Quality:1]]
[2019.03.09-07.03.58:032][  0]LogConfig: Setting CVar [[r.Tonemapper.GrainQuantization:0]]
[2019.03.09-07.03.58:032][  0]LogConfig: Setting CVar [[r.LightShaftQuality:0]]
[2019.03.09-07.03.58:032][  0]LogConfig: Setting CVar [[r.Filter.SizeScale:0.6]]
[2019.03.09-07.03.58:032][  0]LogConfig: Setting CVar [[r.Tonemapper.Quality:0]]
[2019.03.09-07.03.58:032][  0]LogConfig: Applying CVar settings from Section [TextureQuality@0] File [C:/Users/keiji matsumoto/Desktop/日本ゲーム大賞_プロジェクト/Prototype/Saved/Config/Windows/Scalability.ini]
[2019.03.09-07.03.58:032][  0]LogConfig: Setting CVar [[r.Streaming.MipBias:16]]
[2019.03.09-07.03.58:032][  0]LogConfig: Setting CVar [[r.Streaming.AmortizeCPUToGPUCopy:1]]
[2019.03.09-07.03.58:032][  0]LogConfig: Setting CVar [[r.Streaming.MaxNumTexturesToStreamPerFrame:1]]
[2019.03.09-07.03.58:033][  0]LogConfig: Setting CVar [[r.Streaming.Boost:0.3]]
[2019.03.09-07.03.58:033][  0]LogConfig: Setting CVar [[r.MaxAnisotropy:0]]
[2019.03.09-07.03.58:033][  0]LogConfig: Setting CVar [[r.Streaming.LimitPoolSizeToVRAM:1]]
[2019.03.09-07.03.58:033][  0]LogConfig: Setting CVar [[r.Streaming.PoolSize:400]]
[2019.03.09-07.03.58:033][  0]LogConfig: Setting CVar [[r.Streaming.MaxEffectiveScreenSize:0]]
[2019.03.09-07.03.58:033][  0]LogConfig: Applying CVar settings from Section [EffectsQuality@0] File [C:/Users/keiji matsumoto/Desktop/日本ゲーム大賞_プロジェクト/Prototype/Saved/Config/Windows/Scalability.ini]
[2019.03.09-07.03.58:033][  0]LogConfig: Setting CVar [[r.TranslucencyLightingVolumeDim:24]]
[2019.03.09-07.03.58:033][  0]LogConfig: Setting CVar [[r.RefractionQuality:0]]
[2019.03.09-07.03.58:033][  0]LogConfig: Setting CVar [[r.SSR.Quality:0]]
[2019.03.09-07.03.58:033][  0]LogConfig: Setting CVar [[r.SceneColorFormat:3]]
[2019.03.09-07.03.58:033][  0]LogConfig: Setting CVar [[r.DetailMode:0]]
[2019.03.09-07.03.58:033][  0]LogConfig: Setting CVar [[r.TranslucencyVolumeBlur:0]]
[2019.03.09-07.03.58:033][  0]LogConfig: Setting CVar [[r.MaterialQualityLevel:0 ; Low quality]]
[2019.03.09-07.03.58:033][  0]LogConfig: Setting CVar [[r.SSS.Scale:0]]
[2019.03.09-07.03.58:033][  0]LogConfig: Setting CVar [[r.SSS.SampleSet:0]]
[2019.03.09-07.03.58:033][  0]LogConfig: Setting CVar [[r.SSS.Quality:0]]
[2019.03.09-07.03.58:033][  0]LogConfig: Setting CVar [[r.SSS.HalfRes:1]]
[2019.03.09-07.03.58:033][  0]LogConfig: Setting CVar [[r.EmitterSpawnRateScale:0.125]]
[2019.03.09-07.03.58:033][  0]LogConfig: Setting CVar [[r.ParticleLightQuality:0]]
[2019.03.09-07.03.58:033][  0]LogConfig: Applying CVar settings from Section [FoliageQuality@0] File [C:/Users/keiji matsumoto/Desktop/日本ゲーム大賞_プロジェクト/Prototype/Saved/Config/Windows/Scalability.ini]
[2019.03.09-07.03.58:033][  0]LogConfig: Setting CVar [[foliage.DensityScale:0]]
[2019.03.09-07.03.58:033][  0]LogConfig: Setting CVar [[grass.DensityScale:0]]
[2019.03.09-07.03.58:033][  0]LogConfig: Applying CVar settings from Section [Startup] File [../../../Engine/Config/ConsoleVariables.ini]
[2019.03.09-07.03.58:034][  0]LogConfig: Setting CVar [[net.UseAdaptiveNetUpdateFrequency:0]]
[2019.03.09-07.03.58:034][  0]LogConfig: Applying CVar settings from Section [ConsoleVariables] File [C:/Users/keiji matsumoto/Desktop/日本ゲーム大賞_プロジェクト/Prototype/Saved/Config/Windows/Engine.ini]
[2019.03.09-07.03.58:034][  0]LogInit: Computer: DESKTOP-J9BLR6N
[2019.03.09-07.03.58:034][  0]LogInit: User: keijimatsumoto
[2019.03.09-07.03.58:034][  0]LogInit: CPU Page size=4096, Cores=2
[2019.03.09-07.03.58:034][  0]LogInit: High frequency timer resolution =2.648436 MHz
[2019.03.09-07.03.58:035][  0]LogMemory: Memory total: Physical=7.9GB (8GB approx)
[2019.03.09-07.03.58:035][  0]LogMemory: Platform Memory Stats for Windows
[2019.03.09-07.03.58:035][  0]LogMemory: Process Physical Memory: 103.25 MB used, 103.25 MB peak
[2019.03.09-07.03.58:035][  0]LogMemory: Process Virtual Memory: 92.59 MB used, 92.59 MB peak
[2019.03.09-07.03.58:035][  0]LogMemory: Physical Memory: 3163.77 MB used,  4937.10 MB free, 8100.87 MB total
[2019.03.09-07.03.58:035][  0]LogMemory: Virtual Memory: 4637.03 MB used,  134213088.00 MB free, 134217728.00 MB total
[2019.03.09-07.03.58:061][  0]LogInit: Using OS detected language (ja-JP).
[2019.03.09-07.03.58:061][  0]LogInit: Using OS detected locale (ja-JP).
[2019.03.09-07.03.58:062][  0]LogTextLocalizationManager: No specific localization for 'ja-JP' exists, so the 'ja' localization will be used.
[2019.03.09-07.03.58:559][  0]LogStreaming: Display: Took  0.499s to InitEngineTextLocalization.
[2019.03.09-07.03.58:560][  0]LogInit: Setting process to per monitor DPI aware
[2019.03.09-07.03.58:655][  0]LogSlate: New Slate User Created.  User Index 0, Is Virtual User: 0
[2019.03.09-07.03.58:655][  0]LogSlate: Slate User Registered.  User Index 0, Is Virtual User: 0
[2019.03.09-07.03.58:989][  0]LogHMD: Failed to initialize OpenVR with code 110
[2019.03.09-07.03.58:989][  0]LogD3D11RHI: D3D11 adapters:
[2019.03.09-07.03.58:998][  0]LogD3D11RHI:    0. 'Intel(R) HD Graphics 620' (Feature Level 11_0)
[2019.03.09-07.03.58:998][  0]LogD3D11RHI:       128/0/4050 MB DedicatedVideo/DedicatedSystem/SharedSystem, Outputs:1, VendorId:0x8086
[2019.03.09-07.03.59:001][  0]LogD3D11RHI:    1. 'Microsoft Basic Render Driver' (Feature Level 11_0)
[2019.03.09-07.03.59:001][  0]LogD3D11RHI:       0/0/4050 MB DedicatedVideo/DedicatedSystem/SharedSystem, Outputs:0, VendorId:0x1414
[2019.03.09-07.03.59:001][  0]LogD3D11RHI: Chosen D3D11 Adapter: 0
[2019.03.09-07.03.59:008][  0]LogD3D11RHI: Creating new Direct3DDevice
[2019.03.09-07.03.59:008][  0]LogD3D11RHI:     GPU DeviceId: 0x5916 (for the marketing name, search the web for "GPU Device Id")
[2019.03.09-07.03.59:008][  0]LogWindows: EnumDisplayDevices:
[2019.03.09-07.03.59:008][  0]LogWindows:    0. 'Intel(R) HD Graphics 620' (P:1 D:1)
[2019.03.09-07.03.59:008][  0]LogWindows:    1. 'Intel(R) HD Graphics 620' (P:0 D:0)
[2019.03.09-07.03.59:009][  0]LogWindows:    2. 'Intel(R) HD Graphics 620' (P:0 D:0)
[2019.03.09-07.03.59:009][  0]LogWindows: DebugString: FoundDriverCount:3 
[2019.03.09-07.03.59:009][  0]LogD3D11RHI:     Adapter Name: Intel(R) HD Graphics 620
[2019.03.09-07.03.59:009][  0]LogD3D11RHI:   Driver Version: 21.20.16.4550 (internal:21.20.16.4550, unified:21.20.16.4550)
[2019.03.09-07.03.59:009][  0]LogD3D11RHI:      Driver Date: 11-11-2016
[2019.03.09-07.03.59:009][  0]LogRHI: Texture pool is 1507 MB (70% of 2153 MB)
[2019.03.09-07.03.59:197][  0]LogD3D11RHI: [IntelMetricsDiscovery] Started
[2019.03.09-07.03.59:197][  0]LogD3D11RHI: Async texture creation enabled
[2019.03.09-07.03.59:205][  0]LogD3D11RHI: GPU Timing Frequency: 12.000000 (Debug: 2 0)
[2019.03.09-07.03.59:938][  0]LogTemp: Display: Loaded TP AllDesktopTargetPlatform
[2019.03.09-07.03.59:957][  0]LogTemp: Display: Loaded TP MacClientTargetPlatform
[2019.03.09-07.03.59:976][  0]LogTemp: Display: Loaded TP MacNoEditorTargetPlatform
[2019.03.09-07.03.59:993][  0]LogTemp: Display: Loaded TP MacServerTargetPlatform
[2019.03.09-07.04.00:018][  0]LogTemp: Display: Loaded TP MacTargetPlatform
[2019.03.09-07.04.00:036][  0]LogTemp: Display: Loaded TP WindowsClientTargetPlatform
[2019.03.09-07.04.00:055][  0]LogTemp: Display: Loaded TP WindowsNoEditorTargetPlatform
[2019.03.09-07.04.00:071][  0]LogTemp: Display: Loaded TP WindowsServerTargetPlatform
[2019.03.09-07.04.00:080][  0]LogTemp: Display: Loaded TP WindowsTargetPlatform
[2019.03.09-07.04.00:229][  0]LogTemp: Display: Loaded TP AndroidTargetPlatform
[2019.03.09-07.04.00:229][  0]LogTemp: Display: Loaded TP AndroidTargetPlatform
[2019.03.09-07.04.00:229][  0]LogTemp: Display: Loaded TP AndroidTargetPlatform
[2019.03.09-07.04.00:229][  0]LogTemp: Display: Loaded TP AndroidTargetPlatform
[2019.03.09-07.04.00:229][  0]LogTemp: Display: Loaded TP AndroidTargetPlatform
[2019.03.09-07.04.00:229][  0]LogTemp: Display: Loaded TP AndroidTargetPlatform
[2019.03.09-07.04.00:229][  0]LogTemp: Display: Loaded TP AndroidTargetPlatform
[2019.03.09-07.04.00:229][  0]LogTemp: Display: Loaded TP AndroidTargetPlatform
[2019.03.09-07.04.00:229][  0]LogTemp: Display: Loaded TP AndroidTargetPlatform
[2019.03.09-07.04.00:229][  0]LogTemp: Display: Loaded TP AndroidTargetPlatform
[2019.03.09-07.04.00:229][  0]LogTemp: Display: Loaded TP AndroidTargetPlatform
[2019.03.09-07.04.00:229][  0]LogTemp: Display: Loaded TP AndroidTargetPlatform
[2019.03.09-07.04.00:229][  0]LogTemp: Display: Loaded TP AndroidTargetPlatform
[2019.03.09-07.04.00:230][  0]LogTemp: Display: Loaded TP AndroidTargetPlatform
[2019.03.09-07.04.00:230][  0]LogTemp: Display: Loaded TP AndroidTargetPlatform
[2019.03.09-07.04.00:230][  0]LogTemp: Display: Loaded TP AndroidTargetPlatform
[2019.03.09-07.04.00:230][  0]LogTemp: Display: Loaded TP AndroidTargetPlatform
[2019.03.09-07.04.00:230][  0]LogTemp: Display: Loaded TP AndroidTargetPlatform
[2019.03.09-07.04.00:232][  0]LogTemp: Display: Loaded TP HTML5TargetPlatform
[2019.03.09-07.04.00:318][  0]LogTemp: Display: Loaded TP IOSTargetPlatform
[2019.03.09-07.04.00:318][  0]LogTemp: Display: Loaded TP IOSTargetPlatform
[2019.03.09-07.04.00:357][  0]LogTemp: Display: Loaded TP TVOSTargetPlatform
[2019.03.09-07.04.00:357][  0]LogTemp: Display: Loaded TP TVOSTargetPlatform
[2019.03.09-07.04.00:380][  0]LogTemp: Display: Loaded TP LinuxClientTargetPlatform
[2019.03.09-07.04.00:401][  0]LogTemp: Display: Loaded TP LinuxNoEditorTargetPlatform
[2019.03.09-07.04.00:425][  0]LogTemp: Display: Loaded TP LinuxServerTargetPlatform
[2019.03.09-07.04.00:449][  0]LogTemp: Display: Loaded TP LinuxTargetPlatform
[2019.03.09-07.04.00:517][  0]LogTemp: Display: Loaded TP LuminTargetPlatform
[2019.03.09-07.04.00:517][  0]LogTemp: Display: Loaded TP LuminTargetPlatform
[2019.03.09-07.04.00:517][  0]LogTargetPlatformManager: Display: Building Assets For Windows
[2019.03.09-07.04.00:627][  0]LogShaderCompilers: Guid format shader working directory is -16 characters bigger than the processId version (../../../../../../Users/keiji matsumoto/Desktop/日本ゲーム大賞_プロジェクト/Prototype/Intermediate/Shaders/WorkingDirectory/3084/).
[2019.03.09-07.04.00:627][  0]LogShaderCompilers: Cleaned the shader compiler working directory 'C:/Users/keiji matsumoto/AppData/Local/Temp/UnrealShaderWorkingDir/A82D93724B281018378F9582BE60CE27/'.
[2019.03.09-07.04.00:631][  0]LogXGEController: Cannot use XGE Controller as Incredibuild is not installed on this machine.
[2019.03.09-07.04.00:631][  0]LogShaderCompilers: Cannot use XGE Shader Compiler as Incredibuild is not installed on this machine.
[2019.03.09-07.04.00:631][  0]LogShaderCompilers: Display: Using Local Shader Compiler.
[2019.03.09-07.04.01:524][  0]LogDerivedDataCache: Display: Max Cache Size: 512 MB
[2019.03.09-07.04.01:632][  0]LogDerivedDataCache: Loaded boot cache 0.11s 88MB C:/Users/keiji matsumoto/AppData/Local/UnrealEngine/4.21/DerivedDataCache/Boot.ddc.
[2019.03.09-07.04.01:632][  0]LogDerivedDataCache: Display: Loaded Boot cache: C:/Users/keiji matsumoto/AppData/Local/UnrealEngine/4.21/DerivedDataCache/Boot.ddc
[2019.03.09-07.04.01:632][  0]LogDerivedDataCache: FDerivedDataBackendGraph:  Pak pak cache file ../../../../../../Users/keiji matsumoto/Desktop/日本ゲーム大賞_プロジェクト/Prototype/DerivedDataCache/DDC.ddp not found, will not use a pak cache.
[2019.03.09-07.04.01:632][  0]LogDerivedDataCache: Unable to find inner node Pak for hierarchical cache Hierarchy.
[2019.03.09-07.04.01:632][  0]LogDerivedDataCache: FDerivedDataBackendGraph:  CompressedPak pak cache file ../../../../../../Users/keiji matsumoto/Desktop/日本ゲーム大賞_プロジェクト/Prototype/DerivedDataCache/Compressed.ddp not found, will not use a pak cache.
[2019.03.09-07.04.01:632][  0]LogDerivedDataCache: Unable to find inner node CompressedPak for hierarchical cache Hierarchy.
[2019.03.09-07.04.01:653][  0]LogDerivedDataCache: Display: Pak cache opened for reading ../../../Engine/DerivedDataCache/Compressed.ddp.
[2019.03.09-07.04.01:653][  0]LogDerivedDataCache: FDerivedDataBackendGraph:  EnterprisePak pak cache file ../../../Enterprise/DerivedDataCache/Compressed.ddp not found, will not use a pak cache.
[2019.03.09-07.04.01:653][  0]LogDerivedDataCache: Unable to find inner node EnterprisePak for hierarchical cache Hierarchy.
[2019.03.09-07.04.01:666][  0]LogDerivedDataCache: Using Local data cache path C:/Users/keiji matsumoto/AppData/Local/UnrealEngine/Common/DerivedDataCache: Writable
[2019.03.09-07.04.01:666][  0]LogDerivedDataCache: Shared data cache path not found in *engine.ini, will not use an Shared cache.
[2019.03.09-07.04.01:666][  0]LogDerivedDataCache: Unable to find inner node Shared for hierarchical cache Hierarchy.
[2019.03.09-07.04.01:704][  0]LogMaterial: Verifying Global Shaders for PCD3D_SM5
[2019.03.09-07.04.01:705][  0]LogSlate: Using FreeType 2.6.0
[2019.03.09-07.04.01:706][  0]LogSlate: SlateFontServices - WITH_FREETYPE: 1, WITH_HARFBUZZ: 1
[2019.03.09-07.04.01:880][  0]LogAssetRegistry: FAssetRegistry took 0.0453 seconds to start up
[2019.03.09-07.04.02:523][  0]LogInit: Selected Device Profile: [Windows]
[2019.03.09-07.04.02:751][  0]LogSimplygon: Simplygon DLL not present - disabling.
[2019.03.09-07.04.02:759][  0]LogMeshReduction: Using SimplygonSwarm for distributed automatic mesh merging
[2019.03.09-07.04.02:759][  0]LogMeshReduction: Using ProxyLODMeshReduction for automatic mesh merging
[2019.03.09-07.04.02:759][  0]LogMeshReduction: Using QuadricMeshReduction for automatic static mesh reduction
[2019.03.09-07.04.02:759][  0]LogMeshReduction: No automatic skeletal mesh reduction module available
[2019.03.09-07.04.02:915][  0]LogNetVersion: Prototype 1.0.0, NetCL: 4541578, EngineNetVer: 5, GameNetVer: 0 (Checksum: 218305487)
[2019.03.09-07.04.04:554][  0]LogPackageLocalizationCache: Processed 11 localized package path(s) for 2 prioritized culture(s) in 0.887942 seconds
[2019.03.09-07.04.04:563][  0]LogUObjectArray: 39775 objects as part of root set at end of initial load.
[2019.03.09-07.04.04:563][  0]LogUObjectAllocator: 6914656 out of 0 bytes used by permanent object pool.
[2019.03.09-07.04.04:563][  0]LogUObjectArray: CloseDisregardForGC: 0/0 objects in disregard for GC pool
[2019.03.09-07.04.05:765][  0]LogMaterial: Display: Missing cached shader map for material BaseColor, compiling. 
[2019.03.09-07.04.05:808][  0]LogMaterial: Warning: C:\Program Files\Epic Games\UE_4.21\Engine\Content\BufferVisualization\BaseColor.uasset: Failed to compile Material for platform PCD3D_SM5, Default Material will be used in game.
[2019.03.09-07.04.05:808][  0]LogMaterial: 	(Node SceneTexture) GBuffer scene textures not available with forward shading.
[2019.03.09-07.04.05:864][  0]LogMaterial: Display: Missing cached shader map for material LightingModel, compiling. 
[2019.03.09-07.04.05:864][  0]LogMaterial: Warning: C:\Program Files\Epic Games\UE_4.21\Engine\Content\BufferVisualization\LightingModel.uasset: Failed to compile Material for platform PCD3D_SM5, Default Material will be used in game.
[2019.03.09-07.04.05:864][  0]LogMaterial: 	(Node SceneTexture) GBuffer scene textures not available with forward shading.
[2019.03.09-07.04.06:013][  0]LogMaterial: Display: Missing cached shader map for material MaterialAO, compiling. 
[2019.03.09-07.04.06:013][  0]LogMaterial: Warning: C:\Program Files\Epic Games\UE_4.21\Engine\Content\BufferVisualization\MaterialAO.uasset: Failed to compile Material for platform PCD3D_SM5, Default Material will be used in game.
[2019.03.09-07.04.06:013][  0]LogMaterial: 	(Node SceneTexture) GBuffer scene textures not available with forward shading.
[2019.03.09-07.04.06:018][  0]LogMaterial: Display: Missing cached shader map for material Metallic, compiling. 
[2019.03.09-07.04.06:018][  0]LogMaterial: Warning: C:\Program Files\Epic Games\UE_4.21\Engine\Content\BufferVisualization\Metallic.uasset: Failed to compile Material for platform PCD3D_SM5, Default Material will be used in game.
[2019.03.09-07.04.06:018][  0]LogMaterial: 	(Node SceneTexture) GBuffer scene textures not available with forward shading.
[2019.03.09-07.04.06:023][  0]LogMaterial: Display: Missing cached shader map for material Opacity, compiling. 
[2019.03.09-07.04.06:023][  0]LogMaterial: Warning: C:\Program Files\Epic Games\UE_4.21\Engine\Content\BufferVisualization\Opacity.uasset: Failed to compile Material for platform PCD3D_SM5, Default Material will be used in game.
[2019.03.09-07.04.06:023][  0]LogMaterial: 	(Node SceneTexture) GBuffer scene textures not available with forward shading.
[2019.03.09-07.04.06:028][  0]LogMaterial: Display: Missing cached shader map for material Roughness, compiling. 
[2019.03.09-07.04.06:028][  0]LogMaterial: Warning: C:\Program Files\Epic Games\UE_4.21\Engine\Content\BufferVisualization\Roughness.uasset: Failed to compile Material for platform PCD3D_SM5, Default Material will be used in game.
[2019.03.09-07.04.06:028][  0]LogMaterial: 	(Node SceneTexture) GBuffer scene textures not available with forward shading.
[2019.03.09-07.04.06:183][  0]LogMaterial: Display: Missing cached shader map for material Specular, compiling. 
[2019.03.09-07.04.06:184][  0]LogMaterial: Warning: C:\Program Files\Epic Games\UE_4.21\Engine\Content\BufferVisualization\Specular.uasset: Failed to compile Material for platform PCD3D_SM5, Default Material will be used in game.
[2019.03.09-07.04.06:184][  0]LogMaterial: 	(Node SceneTexture) GBuffer scene textures not available with forward shading.
[2019.03.09-07.04.06:189][  0]LogMaterial: Display: Missing cached shader map for material SubsurfaceColor, compiling. 
[2019.03.09-07.04.06:189][  0]LogMaterial: Warning: C:\Program Files\Epic Games\UE_4.21\Engine\Content\BufferVisualization\SubsurfaceColor.uasset: Failed to compile Material for platform PCD3D_SM5, Default Material will be used in game.
[2019.03.09-07.04.06:189][  0]LogMaterial: 	(Node SceneTexture) GBuffer scene textures not available with forward shading.
[2019.03.09-07.04.06:194][  0]LogMaterial: Display: Missing cached shader map for material WorldNormal, compiling. 
[2019.03.09-07.04.06:195][  0]LogMaterial: Warning: C:\Program Files\Epic Games\UE_4.21\Engine\Content\BufferVisualization\WorldNormal.uasset: Failed to compile Material for platform PCD3D_SM5, Default Material will be used in game.
[2019.03.09-07.04.06:195][  0]LogMaterial: 	(Node SceneTexture) GBuffer scene textures not available with forward shading.
[2019.03.09-07.04.06:291][  0]LogTcpMessaging: Initializing TcpMessaging bridge
[2019.03.09-07.04.06:305][  0]LogUdpMessaging: Initializing bridge on interface 0.0.0.0:0 to multicast group 230.0.0.1:6666.
[2019.03.09-07.04.07:543][  0]SourceControl: ソースコントロールは無効です
[2019.03.09-07.04.07:543][  0]SourceControl: ソースコントロールは無効です
[2019.03.09-07.04.07:546][  0]SourceControl: ソースコントロールは無効です
[2019.03.09-07.04.07:548][  0]SourceControl: ソースコントロールは無効です
[2019.03.09-07.04.07:781][  0]LogAndroidPermission: UAndroidPermissionCallbackProxy::GetInstance
[2019.03.09-07.04.07:866][  0]LogOcInput: OculusInput pre-init called
[2019.03.09-07.04.08:079][  0]LogEngine: Initializing Engine...
[2019.03.09-07.04.08:080][  0]LogHMD: Failed to initialize OpenVR with code 110
[2019.03.09-07.04.08:083][  0]LogStats: UGameplayTagsManager::ConstructGameplayTagTree: ImportINI prefixes -  0.000 s
[2019.03.09-07.04.08:083][  0]LogStats: UGameplayTagsManager::ConstructGameplayTagTree: Construct from data asset -  0.000 s
[2019.03.09-07.04.08:083][  0]LogStats: UGameplayTagsManager::ConstructGameplayTagTree: ImportINI -  0.000 s
[2019.03.09-07.04.08:083][  0]LogStats: UGameplayTagsManager::ConstructGameplayTagTree: GameplayTagTreeChangedEvent.Broadcast -  0.000 s
[2019.03.09-07.04.08:398][  0]LogInit: Initializing FReadOnlyCVARCache
[2019.03.09-07.04.08:420][  0]LogAIModule: Creating AISystem for world Untitled
[2019.03.09-07.04.08:435][  0]LogInit: XAudio2 using 'スピーカー (Realtek High Definition Audio)' : 2 channels at 48 kHz using 32 bits per sample (channel mask 0x3)
[2019.03.09-07.04.08:568][  0]LogInit: FAudioDevice initialized.
[2019.03.09-07.04.08:568][  0]LogNetVersion: Set ProjectVersion to 1.0.0.0. Version Checksum will be recalculated on next use.
[2019.03.09-07.04.09:352][  0]LogDerivedDataCache: Saved boot cache 0.78s 88MB C:/Users/keiji matsumoto/AppData/Local/UnrealEngine/4.21/DerivedDataCache/Boot.ddc.
[2019.03.09-07.04.09:365][  0]LogInit: Texture streaming: Enabled
[2019.03.09-07.04.09:389][  0]LogEngineSessionManager: EngineSessionManager initialized
[2019.03.09-07.04.09:407][  0]LogInit: Transaction tracking system initialized
[2019.03.09-07.04.09:440][  0]BlueprintLog: New page: エディタの読み込み
[2019.03.09-07.04.09:547][  0]LocalizationService: ローカライズのサービスが無効になりました
[2019.03.09-07.04.13:858][  0]LogMaterial: Display: Missing cached shader map for material BaseColor, compiling. 
[2019.03.09-07.04.13:858][  0]LogMaterial: Warning: C:\Program Files\Epic Games\UE_4.21\Engine\Content\BufferVisualization\BaseColor.uasset: Failed to compile Material for platform PCD3D_SM5, Default Material will be used in game.
[2019.03.09-07.04.13:859][  0]LogMaterial: 	(Node SceneTexture) GBuffer scene textures not available with forward shading.
[2019.03.09-07.04.14:260][  0]LogMaterial: Display: Missing cached shader map for material LightingModel, compiling. 
[2019.03.09-07.04.14:261][  0]LogMaterial: Warning: C:\Program Files\Epic Games\UE_4.21\Engine\Content\BufferVisualization\LightingModel.uasset: Failed to compile Material for platform PCD3D_SM5, Default Material will be used in game.
[2019.03.09-07.04.14:261][  0]LogMaterial: 	(Node SceneTexture) GBuffer scene textures not available with forward shading.
[2019.03.09-07.04.14:266][  0]LogMaterial: Display: Missing cached shader map for material MaterialAO, compiling. 
[2019.03.09-07.04.14:268][  0]LogMaterial: Warning: C:\Program Files\Epic Games\UE_4.21\Engine\Content\BufferVisualization\MaterialAO.uasset: Failed to compile Material for platform PCD3D_SM5, Default Material will be used in game.
[2019.03.09-07.04.14:268][  0]LogMaterial: 	(Node SceneTexture) GBuffer scene textures not available with forward shading.
[2019.03.09-07.04.14:318][  0]LogMaterial: Display: Missing cached shader map for material Metallic, compiling. 
[2019.03.09-07.04.14:320][  0]LogMaterial: Warning: C:\Program Files\Epic Games\UE_4.21\Engine\Content\BufferVisualization\Metallic.uasset: Failed to compile Material for platform PCD3D_SM5, Default Material will be used in game.
[2019.03.09-07.04.14:320][  0]LogMaterial: 	(Node SceneTexture) GBuffer scene textures not available with forward shading.
[2019.03.09-07.04.14:334][  0]LogMaterial: Display: Missing cached shader map for material Opacity, compiling. 
[2019.03.09-07.04.14:335][  0]LogMaterial: Warning: C:\Program Files\Epic Games\UE_4.21\Engine\Content\BufferVisualization\Opacity.uasset: Failed to compile Material for platform PCD3D_SM5, Default Material will be used in game.
[2019.03.09-07.04.14:335][  0]LogMaterial: 	(Node SceneTexture) GBuffer scene textures not available with forward shading.
[2019.03.09-07.04.14:338][  0]LogMaterial: Display: Missing cached shader map for material Roughness, compiling. 
[2019.03.09-07.04.14:338][  0]LogMaterial: Warning: C:\Program Files\Epic Games\UE_4.21\Engine\Content\BufferVisualization\Roughness.uasset: Failed to compile Material for platform PCD3D_SM5, Default Material will be used in game.
[2019.03.09-07.04.14:338][  0]LogMaterial: 	(Node SceneTexture) GBuffer scene textures not available with forward shading.
[2019.03.09-07.04.14:671][  0]LogMaterial: Display: Missing cached shader map for material Specular, compiling. 
[2019.03.09-07.04.14:672][  0]LogMaterial: Warning: C:\Program Files\Epic Games\UE_4.21\Engine\Content\BufferVisualization\Specular.uasset: Failed to compile Material for platform PCD3D_SM5, Default Material will be used in game.
[2019.03.09-07.04.14:672][  0]LogMaterial: 	(Node SceneTexture) GBuffer scene textures not available with forward shading.
[2019.03.09-07.04.14:677][  0]LogMaterial: Display: Missing cached shader map for material SubsurfaceColor, compiling. 
[2019.03.09-07.04.14:677][  0]LogMaterial: Warning: C:\Program Files\Epic Games\UE_4.21\Engine\Content\BufferVisualization\SubsurfaceColor.uasset: Failed to compile Material for platform PCD3D_SM5, Default Material will be used in game.
[2019.03.09-07.04.14:678][  0]LogMaterial: 	(Node SceneTexture) GBuffer scene textures not available with forward shading.
[2019.03.09-07.04.14:682][  0]LogMaterial: Display: Missing cached shader map for material WorldNormal, compiling. 
[2019.03.09-07.04.14:683][  0]LogMaterial: Warning: C:\Program Files\Epic Games\UE_4.21\Engine\Content\BufferVisualization\WorldNormal.uasset: Failed to compile Material for platform PCD3D_SM5, Default Material will be used in game.
[2019.03.09-07.04.14:683][  0]LogMaterial: 	(Node SceneTexture) GBuffer scene textures not available with forward shading.
[2019.03.09-07.04.18:121][  0]LogFileCache: Scanning file cache for directory 'C:/Users/keiji matsumoto/Desktop/日本ゲーム大賞_プロジェクト/Prototype/Content/' took 0.04s
[2019.03.09-07.04.18:121][  0]LogCook: Display: Max memory allowance for cook 16384mb min free memory 0mb
[2019.03.09-07.04.18:121][  0]LogCook: Display: Mobile HDR setting 1
[2019.03.09-07.04.18:121][  0]LogGameplayTags: Display: UGameplayTagsManager::DoneAddingNativeTags. DelegateIsBound: 0
[2019.03.09-07.04.18:121][  0]LogStats: UGameplayTagsManager::ConstructGameplayTagTree: ImportINI prefixes -  0.000 s
[2019.03.09-07.04.18:121][  0]LogStats: UGameplayTagsManager::ConstructGameplayTagTree: Construct from data asset -  0.000 s
[2019.03.09-07.04.18:121][  0]LogStats: UGameplayTagsManager::ConstructGameplayTagTree: ImportINI -  0.000 s
[2019.03.09-07.04.18:121][  0]LogStats: UGameplayTagsManager::ConstructGameplayTagTree: GameplayTagTreeChangedEvent.Broadcast -  0.000 s
[2019.03.09-07.04.18:378][  0]SourceControl: ソースコントロールは無効です
[2019.03.09-07.04.18:474][  0]LogSlate: Took 0.000420 seconds to synchronously load lazily loaded font '../../../Engine/Content/Editor/Slate/Fonts/GenEiGothicPro-Regular.otf' (707K)
[2019.03.09-07.04.18:474][  0]LogSlate: Took 0.000194 seconds to synchronously load lazily loaded font '../../../Engine/Content/Slate/Fonts/Roboto-Regular.ttf' (155K)
[2019.03.09-07.04.33:207][  0]LogSlate: Window 'パッケージを復元' being destroyed
[2019.03.09-07.04.33:210][  0]LogWindowsTextInputMethodSystem: Display: IME system now activated using TSF (Microsoft IME).
[2019.03.09-07.04.33:229][  0]LogWindowsTextInputMethodSystem: Display: IME system now activated using TSF (Microsoft IME).
[2019.03.09-07.04.35:449][  0]LogSlate: Window 'ソース制御からチェックアウトできません！' being destroyed
[2019.03.09-07.04.35:452][  0]LogWindowsTextInputMethodSystem: Display: IME system now activated using TSF (Microsoft IME).
[2019.03.09-07.04.35:625][  0]LogWindowsTextInputMethodSystem: Display: IME system now activated using TSF (Microsoft IME).
[2019.03.09-07.04.35:627][  0]Cmd: MAP LOAD FILE="../../../../../../Users/keiji matsumoto/Desktop/日本ゲーム大賞_プロジェクト/Prototype/Content/Map/Reflection_Of_Light.umap" TEMPLATE=0 SHOWPROGRESS=1 FEATURELEVEL=3
[2019.03.09-07.04.35:628][  0]LightingResults: New page: ライティングのビルド
[2019.03.09-07.04.35:634][  0]MapCheck: New page: マップをチェック
[2019.03.09-07.04.35:634][  0]LightingResults: New page: <何も選択されていません>
[2019.03.09-07.04.36:990][  0]LogAIModule: Creating AISystem for world Reflection_Of_Light
[2019.03.09-07.04.37:032][  0]LogEditorServer: Finished looking for orphan Actors (0.000 secs)
[2019.03.09-07.04.37:073][  0]Cmd: MAP CHECKDEP NOCLEARLOG
[2019.03.09-07.04.37:074][  0]MapCheck: マップチェックが完了: 0 エラー、 0 警告、完了に 0.328ミリ秒かかりました。
[2019.03.09-07.04.37:074][  0]LogFileHelpers: Loading map 'Reflection_Of_Light' took 1.448
[2019.03.09-07.04.37:543][  0]LogSlate: Updating window title bar state: overlay mode, drag disabled, window buttons hidden, title bar hidden
[2019.03.09-07.04.37:560][  0]LogSlate: Updating window title bar state: overlay mode, drag disabled, window buttons hidden, title bar hidden
[2019.03.09-07.04.37:570][  0]LogSlate: Updating window title bar state: overlay mode, drag disabled, window buttons hidden, title bar hidden
[2019.03.09-07.04.37:579][  0]LogSlate: Updating window title bar state: overlay mode, drag disabled, window buttons hidden, title bar hidden
[2019.03.09-07.04.37:688][  0]LogCollectionManager: Loaded 0 collections in 0.020910 seconds
[2019.03.09-07.04.37:708][  0]LogFileCache: Scanning file cache for directory 'C:/Users/keiji matsumoto/Desktop/日本ゲーム大賞_プロジェクト/Prototype/Saved/Collections/' took 0.01s
[2019.03.09-07.04.37:708][  0]LogFileCache: Scanning file cache for directory 'C:/Users/keiji matsumoto/Desktop/日本ゲーム大賞_プロジェクト/Prototype/Content/Developers/keijimatsumoto/Collections/' took 0.00s
[2019.03.09-07.04.37:708][  0]LogFileCache: Scanning file cache for directory 'C:/Users/keiji matsumoto/Desktop/日本ゲーム大賞_プロジェクト/Prototype/Content/Collections/' took 0.00s
[2019.03.09-07.04.37:708][  0]LogCollectionManager: Rebuilt the GUID cache for 0 collections in 0.000000 seconds
[2019.03.09-07.04.37:719][  0]LogContentBrowser: Native class hierarchy populated in 0.0101 seconds. Added 2651 classes and 620 folders.
[2019.03.09-07.04.37:729][  0]LogContentBrowser: Native class hierarchy updated for 'WidgetCarousel' in 0.0003 seconds. Added 0 classes and 0 folders.
[2019.03.09-07.04.37:880][  0]LogPakFile: Registered encryption key '00000000000000000000000000000000': 0 pak files mounted, 0 remain pending
[2019.03.09-07.04.37:921][  0]LogPakFile: Registered encryption key '00000000000000000000000000000000': 0 pak files mounted, 0 remain pending
[2019.03.09-07.04.37:991][  0]LogPakFile: Registered encryption key '00000000000000000000000000000000': 0 pak files mounted, 0 remain pending
[2019.03.09-07.04.38:040][  0]LogPakFile: Registered encryption key '00000000000000000000000000000000': 0 pak files mounted, 0 remain pending
[2019.03.09-07.04.38:074][  0]LogPakFile: Registered encryption key '00000000000000000000000000000000': 0 pak files mounted, 0 remain pending
[2019.03.09-07.04.38:094][  0]LogPakFile: Registered encryption key '00000000000000000000000000000000': 0 pak files mounted, 0 remain pending
[2019.03.09-07.04.38:148][  0]LogPakFile: Registered encryption key '00000000000000000000000000000000': 0 pak files mounted, 0 remain pending
[2019.03.09-07.04.38:183][  0]LogPakFile: Registered encryption key '00000000000000000000000000000000': 0 pak files mounted, 0 remain pending
[2019.03.09-07.04.38:210][  0]LogPakFile: Registered encryption key '00000000000000000000000000000000': 0 pak files mounted, 0 remain pending
[2019.03.09-07.04.38:233][  0]LogPakFile: Registered encryption key '00000000000000000000000000000000': 0 pak files mounted, 0 remain pending
[2019.03.09-07.04.38:252][  0]LogPakFile: Registered encryption key '00000000000000000000000000000000': 0 pak files mounted, 0 remain pending
[2019.03.09-07.04.38:274][  0]LogPakFile: Registered encryption key '00000000000000000000000000000000': 0 pak files mounted, 0 remain pending
[2019.03.09-07.04.38:297][  0]LogPakFile: Registered encryption key '00000000000000000000000000000000': 0 pak files mounted, 0 remain pending
[2019.03.09-07.04.38:319][  0]LogPakFile: Registered encryption key '00000000000000000000000000000000': 0 pak files mounted, 0 remain pending
[2019.03.09-07.04.38:345][  0]LogPakFile: Registered encryption key '00000000000000000000000000000000': 0 pak files mounted, 0 remain pending
[2019.03.09-07.04.38:358][  0]LogPakFile: Registered encryption key '00000000000000000000000000000000': 0 pak files mounted, 0 remain pending
[2019.03.09-07.04.38:433][  0]LogPakFile: Registered encryption key '00000000000000000000000000000000': 0 pak files mounted, 0 remain pending
[2019.03.09-07.04.38:482][  0]LogPakFile: Registered encryption key '00000000000000000000000000000000': 0 pak files mounted, 0 remain pending
[2019.03.09-07.04.38:548][  0]LogPakFile: Registered encryption key '00000000000000000000000000000000': 0 pak files mounted, 0 remain pending
[2019.03.09-07.04.38:590][  0]LogPakFile: Registered encryption key '00000000000000000000000000000000': 0 pak files mounted, 0 remain pending
[2019.03.09-07.04.38:655][  0]LogPakFile: Registered encryption key '00000000000000000000000000000000': 0 pak files mounted, 0 remain pending
[2019.03.09-07.04.38:726][  0]LogPakFile: Registered encryption key '00000000000000000000000000000000': 0 pak files mounted, 0 remain pending
[2019.03.09-07.04.38:749][  0]LogPakFile: Registered encryption key '00000000000000000000000000000000': 0 pak files mounted, 0 remain pending
[2019.03.09-07.04.38:777][  0]LogPakFile: Registered encryption key '00000000000000000000000000000000': 0 pak files mounted, 0 remain pending
[2019.03.09-07.04.38:794][  0]LogPakFile: Registered encryption key '00000000000000000000000000000000': 0 pak files mounted, 0 remain pending
[2019.03.09-07.04.38:814][  0]LogPakFile: Registered encryption key '00000000000000000000000000000000': 0 pak files mounted, 0 remain pending
[2019.03.09-07.04.40:902][  0]LogContentBrowser: Native class hierarchy updated for 'AddContentDialog' in 0.0006 seconds. Added 0 classes and 0 folders.
[2019.03.09-07.04.40:976][  0]LogContentBrowser: Native class hierarchy updated for 'WorldBrowser' in 0.0007 seconds. Added 2 classes and 3 folders.
[2019.03.09-07.04.41:047][  0]LogContentBrowser: Native class hierarchy updated for 'SceneOutliner' in 0.0005 seconds. Added 1 classes and 2 folders.
[2019.03.09-07.04.41:395][  0]LogContentBrowser: Native class hierarchy updated for 'HierarchicalLODOutliner' in 0.0003 seconds. Added 0 classes and 0 folders.
[2019.03.09-07.04.41:395][  0]LogLoad: (Engine Initialization) Total time: 47.73 seconds
[2019.03.09-07.04.41:395][  0]LogLoad: (Engine Initialization) Total Blueprint compile time: 0.00 seconds
[2019.03.09-07.04.41:495][  0]LogContentStreaming: Texture pool size now 400 MB
[2019.03.09-07.04.41:497][  0]LogSlate: Took 0.000514 seconds to synchronously load lazily loaded font '../../../Engine/Content/Editor/Slate/Fonts/GenEiGothicPro-Bold.otf' (698K)
[2019.03.09-07.04.41:546][  0]LogSlate: Took 0.047519 seconds to synchronously load lazily loaded font '../../../Engine/Content/Slate/Fonts/Roboto-Bold.ttf' (160K)
[2019.03.09-07.04.41:595][  0]LogSlate: Took 0.046374 seconds to synchronously load lazily loaded font '../../../Engine/Content/Editor/Slate/Fonts/FontAwesome.ttf' (139K)
[2019.03.09-07.04.42:155][  0]LogRenderer: Reallocating scene render targets to support 724x324 Format 9 NumSamples 1 (Frame:1).
[2019.03.09-07.04.42:155][  0]LogSlate: Took 0.051174 seconds to synchronously load lazily loaded font '../../../Engine/Content/Slate/Fonts/Roboto-Light.ttf' (167K)
[2019.03.09-07.04.43:666][  3]LogAssetRegistry: Asset discovery search completed in 41.8077 seconds
[2019.03.09-07.04.43:668][  3]LogCollectionManager: Rebuilt the object cache for 0 collections in 0.000000 seconds (found 0 objects)
[2019.03.09-07.04.43:668][  3]LogCollectionManager: Fixed up redirectors for 0 collections in 0.000089 seconds (updated 0 objects)
[2019.03.09-07.04.43:895][  3]LogSlate: Took 0.177134 seconds to synchronously load lazily loaded font '../../../Engine/Content/Editor/Slate/Fonts/GenEiGothicPro-Light.otf' (713K)
[2019.03.09-07.04.43:897][  3]LogSlate: Took 0.000839 seconds to synchronously load lazily loaded font '../../../Engine/Content/Slate/Fonts/Roboto-Light.ttf' (167K)
[2019.03.09-07.04.47:080][107]LogSlate: FSceneViewport::OnFocusLost() reason 0
[2019.03.09-07.05.41:852][366]LogHttp: Warning: 000002B57D81C2C0: request failed, libcurl error: 6 (Couldn't resolve host name)
[2019.03.09-07.05.41:852][366]LogHttp: Warning: 000002B57D81C2C0: libcurl info message cache 0 (Could not resolve host: datarouter.ol.epicgames.com)
[2019.03.09-07.05.41:852][366]LogHttp: Warning: 000002B57D81C2C0: libcurl info message cache 1 (Closing connection 0)
[2019.03.09-07.05.41:853][366]LogHttp: Warning: Retry exhausted on https://datarouter.ol.epicgames.com/datarouter/api/v1/public/data?SessionID=%7B989CD8EA-4751-4807-321A-FE81E8F7D77C%7D&AppID=UEEditor.Rocket.Release&AppVersion=4.21.2-4753647%2B%2B%2BUE4%2BRelease-4.21&UserID=f12ef127472abf1026234183535b0ef1%7C59f86ce8335a479c8d749c14a4485c79%7C0d027a15-feb3-4f4f-9208-77e2faaa119d&AppEnvironment=datacollector-binary&UploadType=eteventstream
[2019.03.09-07.06.14:046][461]LogAssetEditorManager: Opening Asset editor for Blueprint /Game/Blueprints/Mirror_Object.Mirror_Object
[2019.03.09-07.06.15:523][461]LogContentBrowser: Native class hierarchy updated for 'BlueprintGraph' in 0.0019 seconds. Added 117 classes and 0 folders.
[2019.03.09-07.06.17:453][461]LogAssetEditorManager: Opening Asset editor for Blueprint /Game/Blueprints/Beam_Object.Beam_Object
[2019.03.09-07.06.17:877][461]LogSlate: Took 0.048686 seconds to synchronously load lazily loaded font '../../../Engine/Content/Editor/Slate/Fonts/GenEiGothicPro-SemiBold.otf' (703K)
[2019.03.09-07.06.17:905][461]LogSlate: Took 0.027991 seconds to synchronously load lazily loaded font '../../../Engine/Content/Slate/Fonts/Roboto-BoldCondensed.ttf' (158K)
[2019.03.09-07.07.41:876][149]LogHttp: Warning: 000002B565087D80: request failed, libcurl error: 6 (Couldn't resolve host name)
[2019.03.09-07.07.41:876][149]LogHttp: Warning: 000002B565087D80: libcurl info message cache 0 (Could not resolve host: datarouter.ol.epicgames.com)
[2019.03.09-07.07.41:876][149]LogHttp: Warning: 000002B565087D80: libcurl info message cache 1 (Closing connection 1)
[2019.03.09-07.07.41:899][150]LogHttp: Warning: Retry exhausted on https://datarouter.ol.epicgames.com/datarouter/api/v1/public/data?SessionID=%7B989CD8EA-4751-4807-321A-FE81E8F7D77C%7D&AppID=UEEditor.Rocket.Release&AppVersion=4.21.2-4753647%2B%2B%2BUE4%2BRelease-4.21&UserID=f12ef127472abf1026234183535b0ef1%7C59f86ce8335a479c8d749c14a4485c79%7C0d027a15-feb3-4f4f-9208-77e2faaa119d&AppEnvironment=datacollector-binary&UploadType=eteventstream
[2019.03.09-07.09.41:965][432]LogHttp: Warning: 000002B565087D80: request failed, libcurl error: 6 (Couldn't resolve host name)
[2019.03.09-07.09.41:965][432]LogHttp: Warning: 000002B565087D80: libcurl info message cache 0 (Could not resolve host: datarouter.ol.epicgames.com)
[2019.03.09-07.09.41:966][432]LogHttp: Warning: 000002B565087D80: libcurl info message cache 1 (Closing connection 2)
[2019.03.09-07.09.41:966][432]LogHttp: Warning: Retry exhausted on https://datarouter.ol.epicgames.com/datarouter/api/v1/public/data?SessionID=%7B989CD8EA-4751-4807-321A-FE81E8F7D77C%7D&AppID=UEEditor.Rocket.Release&AppVersion=4.21.2-4753647%2B%2B%2BUE4%2BRelease-4.21&UserID=f12ef127472abf1026234183535b0ef1%7C59f86ce8335a479c8d749c14a4485c79%7C0d027a15-feb3-4f4f-9208-77e2faaa119d&AppEnvironment=datacollector-binary&UploadType=eteventstream
[2019.03.09-07.11.42:000][720]LogHttp: Warning: 000002B565087B00: request failed, libcurl error: 6 (Couldn't resolve host name)
[2019.03.09-07.11.42:000][720]LogHttp: Warning: 000002B565087B00: libcurl info message cache 0 (Could not resolve host: datarouter.ol.epicgames.com)
[2019.03.09-07.11.42:000][720]LogHttp: Warning: 000002B565087B00: libcurl info message cache 1 (Closing connection 3)
[2019.03.09-07.11.42:000][720]LogHttp: Warning: Retry exhausted on https://datarouter.ol.epicgames.com/datarouter/api/v1/public/data?SessionID=%7B989CD8EA-4751-4807-321A-FE81E8F7D77C%7D&AppID=UEEditor.Rocket.Release&AppVersion=4.21.2-4753647%2B%2B%2BUE4%2BRelease-4.21&UserID=f12ef127472abf1026234183535b0ef1%7C59f86ce8335a479c8d749c14a4485c79%7C0d027a15-feb3-4f4f-9208-77e2faaa119d&AppEnvironment=datacollector-binary&UploadType=eteventstream
[2019.03.09-07.13.42:043][ 11]LogHttp: Warning: 000002B565087B00: request failed, libcurl error: 6 (Couldn't resolve host name)
[2019.03.09-07.13.42:043][ 11]LogHttp: Warning: 000002B565087B00: libcurl info message cache 0 (Could not resolve host: datarouter.ol.epicgames.com)
[2019.03.09-07.13.42:043][ 11]LogHttp: Warning: 000002B565087B00: libcurl info message cache 1 (Closing connection 4)
[2019.03.09-07.13.42:066][ 12]LogHttp: Warning: Retry exhausted on https://datarouter.ol.epicgames.com/datarouter/api/v1/public/data?SessionID=%7B989CD8EA-4751-4807-321A-FE81E8F7D77C%7D&AppID=UEEditor.Rocket.Release&AppVersion=4.21.2-4753647%2B%2B%2BUE4%2BRelease-4.21&UserID=f12ef127472abf1026234183535b0ef1%7C59f86ce8335a479c8d749c14a4485c79%7C0d027a15-feb3-4f4f-9208-77e2faaa119d&AppEnvironment=datacollector-binary&UploadType=eteventstream
[2019.03.09-07.15.42:123][305]LogHttp: Warning: 000002B565087B00: request failed, libcurl error: 6 (Couldn't resolve host name)
[2019.03.09-07.15.42:123][305]LogHttp: Warning: 000002B565087B00: libcurl info message cache 0 (Could not resolve host: datarouter.ol.epicgames.com)
[2019.03.09-07.15.42:123][305]LogHttp: Warning: 000002B565087B00: libcurl info message cache 1 (Closing connection 5)
[2019.03.09-07.15.42:145][306]LogHttp: Warning: Retry exhausted on https://datarouter.ol.epicgames.com/datarouter/api/v1/public/data?SessionID=%7B989CD8EA-4751-4807-321A-FE81E8F7D77C%7D&AppID=UEEditor.Rocket.Release&AppVersion=4.21.2-4753647%2B%2B%2BUE4%2BRelease-4.21&UserID=f12ef127472abf1026234183535b0ef1%7C59f86ce8335a479c8d749c14a4485c79%7C0d027a15-feb3-4f4f-9208-77e2faaa119d&AppEnvironment=datacollector-binary&UploadType=eteventstream
[2019.03.09-07.17.42:172][599]LogHttp: Warning: 000002B565087B00: request failed, libcurl error: 6 (Couldn't resolve host name)
[2019.03.09-07.17.42:172][599]LogHttp: Warning: 000002B565087B00: libcurl info message cache 0 (Could not resolve host: datarouter.ol.epicgames.com)
[2019.03.09-07.17.42:172][599]LogHttp: Warning: 000002B565087B00: libcurl info message cache 1 (Closing connection 6)
[2019.03.09-07.17.42:194][600]LogHttp: Warning: Retry exhausted on https://datarouter.ol.epicgames.com/datarouter/api/v1/public/data?SessionID=%7B989CD8EA-4751-4807-321A-FE81E8F7D77C%7D&AppID=UEEditor.Rocket.Release&AppVersion=4.21.2-4753647%2B%2B%2BUE4%2BRelease-4.21&UserID=f12ef127472abf1026234183535b0ef1%7C59f86ce8335a479c8d749c14a4485c79%7C0d027a15-feb3-4f4f-9208-77e2faaa119d&AppEnvironment=datacollector-binary&UploadType=eteventstream
[2019.03.09-07.19.42:259][894]LogHttp: Warning: 000002B565087B00: request failed, libcurl error: 6 (Couldn't resolve host name)
[2019.03.09-07.19.42:259][894]LogHttp: Warning: 000002B565087B00: libcurl info message cache 0 (Could not resolve host: datarouter.ol.epicgames.com)
[2019.03.09-07.19.42:259][894]LogHttp: Warning: 000002B565087B00: libcurl info message cache 1 (Closing connection 7)
[2019.03.09-07.19.42:259][894]LogHttp: Warning: Retry exhausted on https://datarouter.ol.epicgames.com/datarouter/api/v1/public/data?SessionID=%7B989CD8EA-4751-4807-321A-FE81E8F7D77C%7D&AppID=UEEditor.Rocket.Release&AppVersion=4.21.2-4753647%2B%2B%2BUE4%2BRelease-4.21&UserID=f12ef127472abf1026234183535b0ef1%7C59f86ce8335a479c8d749c14a4485c79%7C0d027a15-feb3-4f4f-9208-77e2faaa119d&AppEnvironment=datacollector-binary&UploadType=eteventstream
[2019.03.09-07.21.42:315][187]LogHttp: Warning: 000002B5650856C0: request failed, libcurl error: 6 (Couldn't resolve host name)
[2019.03.09-07.21.42:315][187]LogHttp: Warning: 000002B5650856C0: libcurl info message cache 0 (Could not resolve host: datarouter.ol.epicgames.com)
[2019.03.09-07.21.42:315][187]LogHttp: Warning: 000002B5650856C0: libcurl info message cache 1 (Closing connection 8)
[2019.03.09-07.21.42:338][188]LogHttp: Warning: Retry exhausted on https://datarouter.ol.epicgames.com/datarouter/api/v1/public/data?SessionID=%7B989CD8EA-4751-4807-321A-FE81E8F7D77C%7D&AppID=UEEditor.Rocket.Release&AppVersion=4.21.2-4753647%2B%2B%2BUE4%2BRelease-4.21&UserID=f12ef127472abf1026234183535b0ef1%7C59f86ce8335a479c8d749c14a4485c79%7C0d027a15-feb3-4f4f-9208-77e2faaa119d&AppEnvironment=datacollector-binary&UploadType=eteventstream
[2019.03.09-07.23.42:383][471]LogHttp: Warning: 000002B5650856C0: request failed, libcurl error: 6 (Couldn't resolve host name)
[2019.03.09-07.23.42:383][471]LogHttp: Warning: 000002B5650856C0: libcurl info message cache 0 (Could not resolve host: datarouter.ol.epicgames.com)
[2019.03.09-07.23.42:383][471]LogHttp: Warning: 000002B5650856C0: libcurl info message cache 1 (Closing connection 9)
[2019.03.09-07.23.42:404][472]LogHttp: Warning: Retry exhausted on https://datarouter.ol.epicgames.com/datarouter/api/v1/public/data?SessionID=%7B989CD8EA-4751-4807-321A-FE81E8F7D77C%7D&AppID=UEEditor.Rocket.Release&AppVersion=4.21.2-4753647%2B%2B%2BUE4%2BRelease-4.21&UserID=f12ef127472abf1026234183535b0ef1%7C59f86ce8335a479c8d749c14a4485c79%7C0d027a15-feb3-4f4f-9208-77e2faaa119d&AppEnvironment=datacollector-binary&UploadType=eteventstream
[2019.03.09-07.25.42:432][765]LogHttp: Warning: 000002B565085580: request failed, libcurl error: 6 (Couldn't resolve host name)
[2019.03.09-07.25.42:432][765]LogHttp: Warning: 000002B565085580: libcurl info message cache 0 (Could not resolve host: datarouter.ol.epicgames.com)
[2019.03.09-07.25.42:432][765]LogHttp: Warning: 000002B565085580: libcurl info message cache 1 (Closing connection 10)
[2019.03.09-07.25.42:454][766]LogHttp: Warning: Retry exhausted on https://datarouter.ol.epicgames.com/datarouter/api/v1/public/data?SessionID=%7B989CD8EA-4751-4807-321A-FE81E8F7D77C%7D&AppID=UEEditor.Rocket.Release&AppVersion=4.21.2-4753647%2B%2B%2BUE4%2BRelease-4.21&UserID=f12ef127472abf1026234183535b0ef1%7C59f86ce8335a479c8d749c14a4485c79%7C0d027a15-feb3-4f4f-9208-77e2faaa119d&AppEnvironment=datacollector-binary&UploadType=eteventstream
[2019.03.09-07.27.42:516][ 59]LogHttp: Warning: 000002B5650856C0: request failed, libcurl error: 6 (Couldn't resolve host name)
[2019.03.09-07.27.42:516][ 59]LogHttp: Warning: 000002B5650856C0: libcurl info message cache 0 (Could not resolve host: datarouter.ol.epicgames.com)
[2019.03.09-07.27.42:516][ 59]LogHttp: Warning: 000002B5650856C0: libcurl info message cache 1 (Closing connection 11)
[2019.03.09-07.27.42:539][ 60]LogHttp: Warning: Retry exhausted on https://datarouter.ol.epicgames.com/datarouter/api/v1/public/data?SessionID=%7B989CD8EA-4751-4807-321A-FE81E8F7D77C%7D&AppID=UEEditor.Rocket.Release&AppVersion=4.21.2-4753647%2B%2B%2BUE4%2BRelease-4.21&UserID=f12ef127472abf1026234183535b0ef1%7C59f86ce8335a479c8d749c14a4485c79%7C0d027a15-feb3-4f4f-9208-77e2faaa119d&AppEnvironment=datacollector-binary&UploadType=eteventstream
[2019.03.09-07.29.42:562][353]LogHttp: Warning: 000002B565085580: request failed, libcurl error: 6 (Couldn't resolve host name)
[2019.03.09-07.29.42:562][353]LogHttp: Warning: 000002B565085580: libcurl info message cache 0 (Could not resolve host: datarouter.ol.epicgames.com)
[2019.03.09-07.29.42:562][353]LogHttp: Warning: 000002B565085580: libcurl info message cache 1 (Closing connection 12)
[2019.03.09-07.29.42:585][354]LogHttp: Warning: Retry exhausted on https://datarouter.ol.epicgames.com/datarouter/api/v1/public/data?SessionID=%7B989CD8EA-4751-4807-321A-FE81E8F7D77C%7D&AppID=UEEditor.Rocket.Release&AppVersion=4.21.2-4753647%2B%2B%2BUE4%2BRelease-4.21&UserID=f12ef127472abf1026234183535b0ef1%7C59f86ce8335a479c8d749c14a4485c79%7C0d027a15-feb3-4f4f-9208-77e2faaa119d&AppEnvironment=datacollector-binary&UploadType=eteventstream
[2019.03.09-07.31.42:625][647]LogHttp: Warning: 000002B565086D40: request failed, libcurl error: 6 (Couldn't resolve host name)
[2019.03.09-07.31.42:625][647]LogHttp: Warning: 000002B565086D40: libcurl info message cache 0 (Could not resolve host: datarouter.ol.epicgames.com)
[2019.03.09-07.31.42:625][647]LogHttp: Warning: 000002B565086D40: libcurl info message cache 1 (Closing connection 13)
[2019.03.09-07.31.42:648][648]LogHttp: Warning: Retry exhausted on https://datarouter.ol.epicgames.com/datarouter/api/v1/public/data?SessionID=%7B989CD8EA-4751-4807-321A-FE81E8F7D77C%7D&AppID=UEEditor.Rocket.Release&AppVersion=4.21.2-4753647%2B%2B%2BUE4%2BRelease-4.21&UserID=f12ef127472abf1026234183535b0ef1%7C59f86ce8335a479c8d749c14a4485c79%7C0d027a15-feb3-4f4f-9208-77e2faaa119d&AppEnvironment=datacollector-binary&UploadType=eteventstream
[2019.03.09-07.33.42:711][942]LogHttp: Warning: 000002B565086D40: request failed, libcurl error: 6 (Couldn't resolve host name)
[2019.03.09-07.33.42:711][942]LogHttp: Warning: 000002B565086D40: libcurl info message cache 0 (Could not resolve host: datarouter.ol.epicgames.com)
[2019.03.09-07.33.42:711][942]LogHttp: Warning: 000002B565086D40: libcurl info message cache 1 (Closing connection 14)
[2019.03.09-07.33.42:711][942]LogHttp: Warning: Retry exhausted on https://datarouter.ol.epicgames.com/datarouter/api/v1/public/data?SessionID=%7B989CD8EA-4751-4807-321A-FE81E8F7D77C%7D&AppID=UEEditor.Rocket.Release&AppVersion=4.21.2-4753647%2B%2B%2BUE4%2BRelease-4.21&UserID=f12ef127472abf1026234183535b0ef1%7C59f86ce8335a479c8d749c14a4485c79%7C0d027a15-feb3-4f4f-9208-77e2faaa119d&AppEnvironment=datacollector-binary&UploadType=eteventstream
[2019.03.09-07.35.42:749][235]LogHttp: Warning: 000002B5650879C0: request failed, libcurl error: 6 (Couldn't resolve host name)
[2019.03.09-07.35.42:749][235]LogHttp: Warning: 000002B5650879C0: libcurl info message cache 0 (Could not resolve host: datarouter.ol.epicgames.com)
[2019.03.09-07.35.42:749][235]LogHttp: Warning: 000002B5650879C0: libcurl info message cache 1 (Closing connection 15)
[2019.03.09-07.35.42:771][236]LogHttp: Warning: Retry exhausted on https://datarouter.ol.epicgames.com/datarouter/api/v1/public/data?SessionID=%7B989CD8EA-4751-4807-321A-FE81E8F7D77C%7D&AppID=UEEditor.Rocket.Release&AppVersion=4.21.2-4753647%2B%2B%2BUE4%2BRelease-4.21&UserID=f12ef127472abf1026234183535b0ef1%7C59f86ce8335a479c8d749c14a4485c79%7C0d027a15-feb3-4f4f-9208-77e2faaa119d&AppEnvironment=datacollector-binary&UploadType=eteventstream
[2019.03.09-07.37.42:811][345]LogHttp: Warning: 000002B565086D40: request failed, libcurl error: 6 (Couldn't resolve host name)
[2019.03.09-07.37.42:811][345]LogHttp: Warning: 000002B565086D40: libcurl info message cache 0 (Could not resolve host: datarouter.ol.epicgames.com)
[2019.03.09-07.37.42:811][345]LogHttp: Warning: 000002B565086D40: libcurl info message cache 1 (Closing connection 16)
[2019.03.09-07.37.42:830][346]LogHttp: Warning: Retry exhausted on https://datarouter.ol.epicgames.com/datarouter/api/v1/public/data?SessionID=%7B989CD8EA-4751-4807-321A-FE81E8F7D77C%7D&AppID=UEEditor.Rocket.Release&AppVersion=4.21.2-4753647%2B%2B%2BUE4%2BRelease-4.21&UserID=f12ef127472abf1026234183535b0ef1%7C59f86ce8335a479c8d749c14a4485c79%7C0d027a15-feb3-4f4f-9208-77e2faaa119d&AppEnvironment=datacollector-binary&UploadType=eteventstream
[2019.03.09-07.39.42:849][739]LogHttp: Warning: 000002B565086D40: request failed, libcurl error: 6 (Couldn't resolve host name)
[2019.03.09-07.39.42:849][739]LogHttp: Warning: 000002B565086D40: libcurl info message cache 0 (Could not resolve host: datarouter.ol.epicgames.com)
[2019.03.09-07.39.42:849][739]LogHttp: Warning: 000002B565086D40: libcurl info message cache 1 (Closing connection 17)
[2019.03.09-07.39.42:868][740]LogHttp: Warning: Retry exhausted on https://datarouter.ol.epicgames.com/datarouter/api/v1/public/data?SessionID=%7B989CD8EA-4751-4807-321A-FE81E8F7D77C%7D&AppID=UEEditor.Rocket.Release&AppVersion=4.21.2-4753647%2B%2B%2BUE4%2BRelease-4.21&UserID=f12ef127472abf1026234183535b0ef1%7C59f86ce8335a479c8d749c14a4485c79%7C0d027a15-feb3-4f4f-9208-77e2faaa119d&AppEnvironment=datacollector-binary&UploadType=eteventstream
[2019.03.09-07.40.58:631][705]LogSlate: Took 0.016081 seconds to synchronously load lazily loaded font '../../../Engine/Content/Slate/Fonts/Roboto-Italic.ttf' (157K)
[2019.03.09-07.41.01:972][811]LogSlate: Window 'Beam_Object' being destroyed
[2019.03.09-07.41.01:991][811]LogSlate: Window 'Beam_Object' being destroyed
[2019.03.09-07.41.02:141][811]LogActorComponent: UnregisterComponent: (/Engine/Transient.EditorFloorComp) Not registered. Aborting.
[2019.03.09-07.41.06:290][972]LogRenderer: Reallocating scene render targets to support 728x332 Format 9 NumSamples 1 (Frame:94659).
[2019.03.09-07.41.42:911][335]LogHttp: Warning: 000002B519594E00: request failed, libcurl error: 6 (Couldn't resolve host name)
[2019.03.09-07.41.42:911][335]LogHttp: Warning: 000002B519594E00: libcurl info message cache 0 (Could not resolve host: datarouter.ol.epicgames.com)
[2019.03.09-07.41.42:911][335]LogHttp: Warning: 000002B519594E00: libcurl info message cache 1 (Closing connection 18)
[2019.03.09-07.41.42:951][336]LogHttp: Warning: Retry exhausted on https://datarouter.ol.epicgames.com/datarouter/api/v1/public/data?SessionID=%7B989CD8EA-4751-4807-321A-FE81E8F7D77C%7D&AppID=UEEditor.Rocket.Release&AppVersion=4.21.2-4753647%2B%2B%2BUE4%2BRelease-4.21&UserID=f12ef127472abf1026234183535b0ef1%7C59f86ce8335a479c8d749c14a4485c79%7C0d027a15-feb3-4f4f-9208-77e2faaa119d&AppEnvironment=datacollector-binary&UploadType=eteventstream
[2019.03.09-07.41.55:081][635]Cmd: OBJ SAVEPACKAGE PACKAGE="/Game/Blueprints/TestInterface" FILE="../../../../../../Users/keiji matsumoto/Desktop/日本ゲーム大賞_プロジェクト/Prototype/Content/Blueprints/TestInterface.uasset" SILENT=true
[2019.03.09-07.41.55:093][635]LogSavePackage: Moving '../../../../../../Users/keiji matsumoto/Desktop/日本ゲーム大賞_プロジェクト/Prototype/Saved/TestInterfaceED5A7AC44DC506C811ADC9AC5B48C606.tmp' to '../../../../../../Users/keiji matsumoto/Desktop/日本ゲーム大賞_プロジェクト/Prototype/Content/Blueprints/TestInterface.uasset'
[2019.03.09-07.41.57:165][689]LogAssetEditorManager: Opening Asset editor for Blueprint /Game/Blueprints/TestInterface.TestInterface
[2019.03.09-07.42.01:802][792]BlueprintLog: New page: TestInterface をコンパイル
[2019.03.09-07.42.25:459][621]BlueprintLog: New page: TestInterface をコンパイル
[2019.03.09-07.43.26:908][850]LogFileHelpers: Editor autosave (incl. sublevels) for '/Game/Map/Reflection_Of_Light' took 0.040
[2019.03.09-07.43.26:909][850]OBJ SavePackage: Generating thumbnails for [0] asset(s) in package [/Game/Blueprints/TestInterface] ([1] browsable assets)...
[2019.03.09-07.43.26:910][850]OBJ SavePackage: Finished generating thumbnails for package [/Game/Blueprints/TestInterface]
[2019.03.09-07.43.32:267][850]LogSavePackage: Moving '../../../../../../Users/keiji matsumoto/Desktop/日本ゲーム大賞_プロジェクト/Prototype/Saved/TestInterface_Auto12E51433842A2F5E21A5635B0A439AC2A.tmp' to '../../../../../../Users/keiji matsumoto/Desktop/日本ゲーム大賞_プロジェクト/Prototype/Saved/Autosaves/Game/Blueprints/TestInterface_Auto1.uasset'
[2019.03.09-07.43.32:325][850]LogFileHelpers: Auto-saving content packages took 5.415
[2019.03.09-09.01.30:131][814]LogD3D11RHI: Timed out while waiting for GPU to catch up. (0.5 s)
[2019.03.09-09.18.12:670][808]LogD3D11RHI: Timed out while waiting for GPU to catch up. (0.5 s)
[2019.03.09-10.12.27:728][528]LogInit: XAudio2 using 'ヘッドホン (Realtek High Definition Audio)' : 2 channels at 48 kHz using 32 bits per sample (channel mask 0x3)
[2019.03.09-14.50.22:191][  9]LogSlate: Took 0.016814 seconds to synchronously load lazily loaded font '../../../Engine/Content/Slate/Fonts/Roboto-BoldCondensedItalic.ttf' (160K)
[2019.03.09-14.51.19:182][451]BlueprintLog: New page: TestInterface をコンパイル
[2019.03.09-14.51.45:463][838]LogFileHelpers: Editor autosave (incl. sublevels) for '/Game/Map/Reflection_Of_Light' took 0.034
[2019.03.09-14.51.45:465][838]OBJ SavePackage: Generating thumbnails for [0] asset(s) in package [/Game/Blueprints/TestInterface] ([1] browsable assets)...
[2019.03.09-14.51.45:465][838]OBJ SavePackage: Finished generating thumbnails for package [/Game/Blueprints/TestInterface]
[2019.03.09-14.51.48:385][838]LogSavePackage: Moving '../../../../../../Users/keiji matsumoto/Desktop/日本ゲーム大賞_プロジェクト/Prototype/Saved/TestInterface_Auto25691770F4F2D81438D11C9B6C31777E8.tmp' to '../../../../../../Users/keiji matsumoto/Desktop/日本ゲーム大賞_プロジェクト/Prototype/Saved/Autosaves/Game/Blueprints/TestInterface_Auto2.uasset'
[2019.03.09-14.51.48:420][838]LogFileHelpers: Auto-saving content packages took 2.956
[2019.03.09-20.28.05:017][ 14]LogD3D11RHI: Timed out while waiting for GPU to catch up. (0.5 s)
[2019.03.09-20.29.51:034][330]LogD3D11RHI: Timed out while waiting for GPU to catch up. (0.5 s)
[2019.03.09-23.10.24:128][ 57]LogD3D11RHI: Timed out while waiting for GPU to catch up. (0.5 s)
[2019.03.09-23.11.24:081][236]LogD3D11RHI: Timed out while waiting for GPU to catch up. (0.5 s)
[2019.03.09-23.14.13:254][741]LogD3D11RHI: Timed out while waiting for GPU to catch up. (0.5 s)
[2019.03.09-23.14.24:630][775]LogD3D11RHI: Timed out while waiting for GPU to catch up. (0.5 s)
[2019.03.09-23.22.52:818][292]LogD3D11RHI: Timed out while waiting for GPU to catch up. (0.5 s)
[2019.03.10-00.34.44:713][159]LogD3D11RHI: Timed out while waiting for GPU to catch up. (0.5 s)
[2019.03.10-00.45.07:942][ 19]LogD3D11RHI: Timed out while waiting for GPU to catch up. (0.5 s)
[2019.03.10-00.47.17:329][405]LogD3D11RHI: Timed out while waiting for GPU to catch up. (0.5 s)
[2019.03.10-01.16.51:004][699]LogD3D11RHI: Timed out while waiting for GPU to catch up. (0.5 s)
[2019.03.10-01.20.22:809][331]LogD3D11RHI: Timed out while waiting for GPU to catch up. (0.5 s)
[2019.03.10-01.20.27:507][345]LogD3D11RHI: Timed out while waiting for GPU to catch up. (0.5 s)
[2019.03.10-01.21.46:563][581]LogD3D11RHI: Timed out while waiting for GPU to catch up. (0.5 s)
[2019.03.10-01.23.54:902][964]LogD3D11RHI: Timed out while waiting for GPU to catch up. (0.5 s)
